ISim log file
Running: /opt/dmlab/home/chriram/Documents/computer_design/ex0/stack_tb_isim_beh.exe -gui -tclbatch isim.cmd -wdb /opt/dmlab/home/chriram/Documents/computer_design/ex0/stack_tb_isim_beh.wdb 
ISim M.81d (signature 0x141a37e9)
----------------------------------------------------------------------
INFO:Security:51 - The XILINXD_LICENSE_FILE environment variable is not set.
INFO:Security:52 - The LM_LICENSE_FILE environment variable is set to '2100@xilinx.license.idi.ntnu.no'.
WARNING:Security:43 - No license file was found in the standard Xilinx license directory.
WARNING:Security:44 - No license file was found.
       Please run the Xilinx License Configuration Manager
       (xlcm or "Manage Xilinx Licenses")
       to assist in obtaining a license.
WARNING:Security:42 - Your software subscription period has lapsed. Your current version of Xilinx tools will continue to function, but you no longer qualify for Xilinx software updates or new releases.


----------------------------------------------------------------------
This is a Full version of ISim.
Time resolution is 1 ps
# onerror resume
# wave add /
# run 1000 ns
Simulator is doing circuit initialization process.
Finished circuit initialization process.
at 45 ns: Note: Test 1 passed (/stack_tb/).
at 45 ns: Note: Test 2 passed (/stack_tb/).
at 65 ns: Note: Test 3 passed (/stack_tb/).
at 65 ns: Note: Test 4 passed (/stack_tb/).
at 85 ns: Note: Test 5 passed (/stack_tb/).
at 125 ns: Note: Test 6 passed (/stack_tb/).
at 145 ns: Note: Test 7 passed (/stack_tb/).
at 165 ns: Note: Test 8 passed (/stack_tb/).
at 185 ns: Note: Test 9 passed (/stack_tb/).
at 205 ns: Note: Test 10 passed (/stack_tb/).
at 225 ns: Note: Test 11 passed (/stack_tb/).
at 245 ns: Note: Test 12 passed (/stack_tb/).
at 265 ns: Note: Test 13 passed (/stack_tb/).
at 285 ns: Note: Test 14 passed (/stack_tb/).

** Failure:TEST SUCCESS
User(VHDL) Code Called Simulation Stop
In process stack_tb.vhd:WaveGen_Proc 
 
INFO: Simulator is stopped.
# exit 0
