Command line:
   registerfile_tb_isim_beh.exe
     -simmode  gui
     -simrunnum  0
     -socket  41037

Fri Oct  3 13:45:40 2014


 Elaboration Time: 0.05 sec

 Current Memory Usage: 116.916 Meg

 Total Signals          : 17
 Total Nets             : 1137
 Total Signal Drivers   : 9
 Total Blocks           : 4
 Total Primitive Blocks : 3
 Total Processes        : 5
 Total Traceable Variables  : 16
 Total Scalar Nets and Variables : 1623

** Failure:Testbench finished
User(VHDL) Code Called Simulation Stop
In process registerfile_tb.vhd:stim_proc 
 


 Total Simulation Time: 0.07 sec

 Current Memory Usage: 125.313 Meg

Fri Oct  3 13:48:23 2014

