Command line:
   stack_tb_isim_beh.exe
     -simmode  gui
     -simrunnum  0
     -socket  54795

Tue Sep 16 11:25:50 2014


 Elaboration Time: 0.04 sec

 Current Memory Usage: 116.376 Meg

 Total Signals          : 14
 Total Nets             : 22
 Total Signal Drivers   : 8
 Total Blocks           : 6
 Total Primitive Blocks : 5
 Total Processes        : 3
 Total Traceable Variables  : 16
 Total Scalar Nets and Variables : 508

** Failure:TEST SUCCESS
User(VHDL) Code Called Simulation Stop
In process stack_tb.vhd:WaveGen_Proc 
 


 Total Simulation Time: 0.05 sec

 Current Memory Usage: 124.772 Meg

Tue Sep 16 11:30:02 2014

