Command line:
   control_tb_isim_beh.exe
     -simmode  gui
     -simrunnum  1
     -socket  45890

Tue Sep 16 11:27:36 2014


 Elaboration Time: 0.05 sec

 Current Memory Usage: 116.511 Meg

 Total Signals          : 27
 Total Nets             : 44
 Total Signal Drivers   : 15
 Total Blocks           : 6
 Total Primitive Blocks : 5
 Total Processes        : 6
 Total Traceable Variables  : 14
 Total Scalar Nets and Variables : 528

** Failure:TEST SUCCESS
User(VHDL) Code Called Simulation Stop
In process control_tb.vhd:WaveGen_Proc 
 


 Total Simulation Time: 0.08 sec

 Current Memory Usage: 124.908 Meg

Tue Sep 16 11:30:02 2014

