Command line:
   stack_tb_isim_beh.exe
     -simmode  gui
     -simrunnum  0
     -socket  60071

Fri Sep 12 17:31:31 2014


 Elaboration Time: 0.05 sec

 Current Memory Usage: 116.371 Meg

 Total Signals          : 14
 Total Nets             : 22
 Total Signal Drivers   : 8
 Total Blocks           : 6
 Total Primitive Blocks : 5
 Total Processes        : 3
 Total Traceable Variables  : 18
 Total Scalar Nets and Variables : 8701

** Failure:TEST SUCCESS
User(VHDL) Code Called Simulation Stop
In process stack_tb.vhd:WaveGen_Proc 
 


 Total Simulation Time: 0.05 sec

 Current Memory Usage: 124.768 Meg

Fri Sep 12 17:31:36 2014

