Command line:
   stack_machine_tb_isim_beh.exe
     -simmode  gui
     -simrunnum  2
     -socket  40016

Tue Sep 16 11:28:50 2014


 Elaboration Time: 0.04 sec

 Current Memory Usage: 116.519 Meg

 Total Signals          : 47
 Total Nets             : 94
 Total Signal Drivers   : 23
 Total Blocks           : 8
 Total Primitive Blocks : 6
 Total Processes        : 11
 Total Traceable Variables  : 17
 Total Scalar Nets and Variables : 581

** Failure:TEST SUCCESS
User(VHDL) Code Called Simulation Stop
In process stack_machine_tb.vhd:WaveGen_Proc 
 


 Total Simulation Time: 0.07 sec

 Current Memory Usage: 124.916 Meg

Tue Sep 16 11:30:01 2014

