ISim log file
Running: /opt/dmlab/home/chriram/Documents/computer_design/exercise1/tb_MIPSProcessor_isim_beh.exe -gui -tclbatch isim.cmd -wdb /opt/dmlab/home/chriram/Documents/computer_design/exercise1/tb_MIPSProcessor_isim_beh.wdb 
ISim M.81d (signature 0x141a37e9)
----------------------------------------------------------------------
INFO:Security:51 - The XILINXD_LICENSE_FILE environment variable is not set.
INFO:Security:52 - The LM_LICENSE_FILE environment variable is set to '2100@xilinx.license.idi.ntnu.no'.
WARNING:Security:43 - No license file was found in the standard Xilinx license directory.
WARNING:Security:44 - No license file was found.
       Please run the Xilinx License Configuration Manager
       (xlcm or "Manage Xilinx Licenses")
       to assist in obtaining a license.
WARNING:Security:42 - Your software subscription period has lapsed. Your current version of Xilinx tools will continue to function, but you no longer qualify for Xilinx software updates or new releases.


----------------------------------------------------------------------
This is a Full version of ISim.
Time resolution is 1 ps
# onerror resume
# wave add /
# run 1000 ns
Simulator is doing circuit initialization process.
Finished circuit initialization process.
at 0 ps, Instance /tb_mipsprocessor/Processor/alu_module/ : Warning: There is an 'U'|'X'|'W'|'Z'|'-' in an arithmetic operand, the result will be 'X'(es).
at 105 ns(1): Note: Block Memory Generator CORE Generator module is using a behavioral model FOR simulation which will not precisely model memory collision behavior. (/tb_mipsprocessor/InstrMem/U0/mem_module/).
at 105 ns(1), Instance /tb_mipsprocessor/InstrMem/U0/mem_module/ : Warning: blk_mem_gen_v4_3 WARNING: collision detected: A write address: 00000000, B read address: 0000000000

at 415 ns(1): Note: Block Memory Generator CORE Generator module is using a behavioral model FOR simulation which will not precisely model memory collision behavior. (/tb_mipsprocessor/DataMem/U0/mem_module/).
at 535 ns(1), Instance /tb_mipsprocessor/InstrMem/U0/mem_module/ : Warning: CONV_INTEGER: There is an 'U'|'X'|'W'|'Z'|'-' in an arithmetic operand, and it has been converted to 0.
at 545 ns(1), Instance /tb_mipsprocessor/InstrMem/U0/mem_module/ : Warning: CONV_INTEGER: There is an 'U'|'X'|'W'|'Z'|'-' in an arithmetic operand, and it has been converted to 0.
at 555 ns(1), Instance /tb_mipsprocessor/InstrMem/U0/mem_module/ : Warning: CONV_INTEGER: There is an 'U'|'X'|'W'|'Z'|'-' in an arithmetic operand, and it has been converted to 0.
at 565 ns(1), Instance /tb_mipsprocessor/InstrMem/U0/mem_module/ : Warning: CONV_INTEGER: There is an 'U'|'X'|'W'|'Z'|'-' in an arithmetic operand, and it has been converted to 0.
at 575 ns(1), Instance /tb_mipsprocessor/InstrMem/U0/mem_module/ : Warning: CONV_INTEGER: There is an 'U'|'X'|'W'|'Z'|'-' in an arithmetic operand, and it has been converted to 0.
at 585 ns(1), Instance /tb_mipsprocessor/InstrMem/U0/mem_module/ : Warning: CONV_INTEGER: There is an 'U'|'X'|'W'|'Z'|'-' in an arithmetic operand, and it has been converted to 0.
at 595 ns(1), Instance /tb_mipsprocessor/InstrMem/U0/mem_module/ : Warning: CONV_INTEGER: There is an 'U'|'X'|'W'|'Z'|'-' in an arithmetic operand, and it has been converted to 0.
at 605 ns(1), Instance /tb_mipsprocessor/InstrMem/U0/mem_module/ : Warning: CONV_INTEGER: There is an 'U'|'X'|'W'|'Z'|'-' in an arithmetic operand, and it has been converted to 0.
at 615 ns(1), Instance /tb_mipsprocessor/InstrMem/U0/mem_module/ : Warning: CONV_INTEGER: There is an 'U'|'X'|'W'|'Z'|'-' in an arithmetic operand, and it has been converted to 0.
at 625 ns(1), Instance /tb_mipsprocessor/InstrMem/U0/mem_module/ : Warning: CONV_INTEGER: There is an 'U'|'X'|'W'|'Z'|'-' in an arithmetic operand, and it has been converted to 0.
at 635 ns(1), Instance /tb_mipsprocessor/InstrMem/U0/mem_module/ : Warning: CONV_INTEGER: There is an 'U'|'X'|'W'|'Z'|'-' in an arithmetic operand, and it has been converted to 0.
at 645 ns(1), Instance /tb_mipsprocessor/InstrMem/U0/mem_module/ : Warning: CONV_INTEGER: There is an 'U'|'X'|'W'|'Z'|'-' in an arithmetic operand, and it has been converted to 0.
at 655 ns(1), Instance /tb_mipsprocessor/InstrMem/U0/mem_module/ : Warning: CONV_INTEGER: There is an 'U'|'X'|'W'|'Z'|'-' in an arithmetic operand, and it has been converted to 0.
at 665 ns(1), Instance /tb_mipsprocessor/InstrMem/U0/mem_module/ : Warning: CONV_INTEGER: There is an 'U'|'X'|'W'|'Z'|'-' in an arithmetic operand, and it has been converted to 0.
at 675 ns(1), Instance /tb_mipsprocessor/InstrMem/U0/mem_module/ : Warning: CONV_INTEGER: There is an 'U'|'X'|'W'|'Z'|'-' in an arithmetic operand, and it has been converted to 0.
at 685 ns(1), Instance /tb_mipsprocessor/InstrMem/U0/mem_module/ : Warning: CONV_INTEGER: There is an 'U'|'X'|'W'|'Z'|'-' in an arithmetic operand, and it has been converted to 0.
at 695 ns(1), Instance /tb_mipsprocessor/InstrMem/U0/mem_module/ : Warning: CONV_INTEGER: There is an 'U'|'X'|'W'|'Z'|'-' in an arithmetic operand, and it has been converted to 0.
at 705 ns(1), Instance /tb_mipsprocessor/InstrMem/U0/mem_module/ : Warning: CONV_INTEGER: There is an 'U'|'X'|'W'|'Z'|'-' in an arithmetic operand, and it has been converted to 0.
at 715 ns(1), Instance /tb_mipsprocessor/InstrMem/U0/mem_module/ : Warning: CONV_INTEGER: There is an 'U'|'X'|'W'|'Z'|'-' in an arithmetic operand, and it has been converted to 0.
at 725 ns(1), Instance /tb_mipsprocessor/InstrMem/U0/mem_module/ : Warning: CONV_INTEGER: There is an 'U'|'X'|'W'|'Z'|'-' in an arithmetic operand, and it has been converted to 0.
at 735 ns(1), Instance /tb_mipsprocessor/InstrMem/U0/mem_module/ : Warning: CONV_INTEGER: There is an 'U'|'X'|'W'|'Z'|'-' in an arithmetic operand, and it has been converted to 0.
at 745 ns(1), Instance /tb_mipsprocessor/InstrMem/U0/mem_module/ : Warning: CONV_INTEGER: There is an 'U'|'X'|'W'|'Z'|'-' in an arithmetic operand, and it has been converted to 0.
at 755 ns(1), Instance /tb_mipsprocessor/InstrMem/U0/mem_module/ : Warning: CONV_INTEGER: There is an 'U'|'X'|'W'|'Z'|'-' in an arithmetic operand, and it has been converted to 0.
at 765 ns(1), Instance /tb_mipsprocessor/InstrMem/U0/mem_module/ : Warning: CONV_INTEGER: There is an 'U'|'X'|'W'|'Z'|'-' in an arithmetic operand, and it has been converted to 0.
at 775 ns(1), Instance /tb_mipsprocessor/InstrMem/U0/mem_module/ : Warning: CONV_INTEGER: There is an 'U'|'X'|'W'|'Z'|'-' in an arithmetic operand, and it has been converted to 0.
at 785 ns(1), Instance /tb_mipsprocessor/InstrMem/U0/mem_module/ : Warning: CONV_INTEGER: There is an 'U'|'X'|'W'|'Z'|'-' in an arithmetic operand, and it has been converted to 0.
at 795 ns(1), Instance /tb_mipsprocessor/InstrMem/U0/mem_module/ : Warning: CONV_INTEGER: There is an 'U'|'X'|'W'|'Z'|'-' in an arithmetic operand, and it has been converted to 0.
at 805 ns(1), Instance /tb_mipsprocessor/InstrMem/U0/mem_module/ : Warning: CONV_INTEGER: There is an 'U'|'X'|'W'|'Z'|'-' in an arithmetic operand, and it has been converted to 0.
at 815 ns(1), Instance /tb_mipsprocessor/InstrMem/U0/mem_module/ : Warning: CONV_INTEGER: There is an 'U'|'X'|'W'|'Z'|'-' in an arithmetic operand, and it has been converted to 0.
at 825 ns(1), Instance /tb_mipsprocessor/InstrMem/U0/mem_module/ : Warning: CONV_INTEGER: There is an 'U'|'X'|'W'|'Z'|'-' in an arithmetic operand, and it has been converted to 0.
at 835 ns(1), Instance /tb_mipsprocessor/InstrMem/U0/mem_module/ : Warning: CONV_INTEGER: There is an 'U'|'X'|'W'|'Z'|'-' in an arithmetic operand, and it has been converted to 0.
at 845 ns(1), Instance /tb_mipsprocessor/InstrMem/U0/mem_module/ : Warning: CONV_INTEGER: There is an 'U'|'X'|'W'|'Z'|'-' in an arithmetic operand, and it has been converted to 0.
at 855 ns(1), Instance /tb_mipsprocessor/InstrMem/U0/mem_module/ : Warning: CONV_INTEGER: There is an 'U'|'X'|'W'|'Z'|'-' in an arithmetic operand, and it has been converted to 0.
at 865 ns(1), Instance /tb_mipsprocessor/InstrMem/U0/mem_module/ : Warning: CONV_INTEGER: There is an 'U'|'X'|'W'|'Z'|'-' in an arithmetic operand, and it has been converted to 0.
at 875 ns(1), Instance /tb_mipsprocessor/InstrMem/U0/mem_module/ : Warning: CONV_INTEGER: There is an 'U'|'X'|'W'|'Z'|'-' in an arithmetic operand, and it has been converted to 0.
at 885 ns(1), Instance /tb_mipsprocessor/InstrMem/U0/mem_module/ : Warning: CONV_INTEGER: There is an 'U'|'X'|'W'|'Z'|'-' in an arithmetic operand, and it has been converted to 0.
at 895 ns(1), Instance /tb_mipsprocessor/InstrMem/U0/mem_module/ : Warning: CONV_INTEGER: There is an 'U'|'X'|'W'|'Z'|'-' in an arithmetic operand, and it has been converted to 0.
at 905 ns(1), Instance /tb_mipsprocessor/InstrMem/U0/mem_module/ : Warning: CONV_INTEGER: There is an 'U'|'X'|'W'|'Z'|'-' in an arithmetic operand, and it has been converted to 0.
at 915 ns(1), Instance /tb_mipsprocessor/InstrMem/U0/mem_module/ : Warning: CONV_INTEGER: There is an 'U'|'X'|'W'|'Z'|'-' in an arithmetic operand, and it has been converted to 0.
at 925 ns(1), Instance /tb_mipsprocessor/InstrMem/U0/mem_module/ : Warning: CONV_INTEGER: There is an 'U'|'X'|'W'|'Z'|'-' in an arithmetic operand, and it has been converted to 0.
at 935 ns(1), Instance /tb_mipsprocessor/InstrMem/U0/mem_module/ : Warning: CONV_INTEGER: There is an 'U'|'X'|'W'|'Z'|'-' in an arithmetic operand, and it has been converted to 0.
at 945 ns(1), Instance /tb_mipsprocessor/InstrMem/U0/mem_module/ : Warning: CONV_INTEGER: There is an 'U'|'X'|'W'|'Z'|'-' in an arithmetic operand, and it has been converted to 0.
at 955 ns(1), Instance /tb_mipsprocessor/InstrMem/U0/mem_module/ : Warning: CONV_INTEGER: There is an 'U'|'X'|'W'|'Z'|'-' in an arithmetic operand, and it has been converted to 0.
at 965 ns(1), Instance /tb_mipsprocessor/InstrMem/U0/mem_module/ : Warning: CONV_INTEGER: There is an 'U'|'X'|'W'|'Z'|'-' in an arithmetic operand, and it has been converted to 0.
at 975 ns(1), Instance /tb_mipsprocessor/InstrMem/U0/mem_module/ : Warning: CONV_INTEGER: There is an 'U'|'X'|'W'|'Z'|'-' in an arithmetic operand, and it has been converted to 0.
at 985 ns(1), Instance /tb_mipsprocessor/InstrMem/U0/mem_module/ : Warning: CONV_INTEGER: There is an 'U'|'X'|'W'|'Z'|'-' in an arithmetic operand, and it has been converted to 0.
at 995 ns(1), Instance /tb_mipsprocessor/InstrMem/U0/mem_module/ : Warning: CONV_INTEGER: There is an 'U'|'X'|'W'|'Z'|'-' in an arithmetic operand, and it has been converted to 0.
# restart
# run all
Simulator is doing circuit initialization process.
Finished circuit initialization process.
at 105 ns(1): Note: Block Memory Generator CORE Generator module is using a behavioral model FOR simulation which will not precisely model memory collision behavior. (/tb_mipsprocessor/InstrMem/U0/mem_module/).
at 105 ns(1), Instance /tb_mipsprocessor/InstrMem/U0/mem_module/ : Warning: blk_mem_gen_v4_3 WARNING: collision detected: A write address: 00000000, B read address: 0000000000

at 415 ns(1): Note: Block Memory Generator CORE Generator module is using a behavioral model FOR simulation which will not precisely model memory collision behavior. (/tb_mipsprocessor/DataMem/U0/mem_module/).
at 535 ns(1), Instance /tb_mipsprocessor/InstrMem/U0/mem_module/ : Warning: CONV_INTEGER: There is an 'U'|'X'|'W'|'Z'|'-' in an arithmetic operand, and it has been converted to 0.
at 545 ns(1), Instance /tb_mipsprocessor/InstrMem/U0/mem_module/ : Warning: CONV_INTEGER: There is an 'U'|'X'|'W'|'Z'|'-' in an arithmetic operand, and it has been converted to 0.
at 555 ns(1), Instance /tb_mipsprocessor/InstrMem/U0/mem_module/ : Warning: CONV_INTEGER: There is an 'U'|'X'|'W'|'Z'|'-' in an arithmetic operand, and it has been converted to 0.
at 565 ns(1), Instance /tb_mipsprocessor/InstrMem/U0/mem_module/ : Warning: CONV_INTEGER: There is an 'U'|'X'|'W'|'Z'|'-' in an arithmetic operand, and it has been converted to 0.
at 575 ns(1), Instance /tb_mipsprocessor/InstrMem/U0/mem_module/ : Warning: CONV_INTEGER: There is an 'U'|'X'|'W'|'Z'|'-' in an arithmetic operand, and it has been converted to 0.
at 585 ns(1), Instance /tb_mipsprocessor/InstrMem/U0/mem_module/ : Warning: CONV_INTEGER: There is an 'U'|'X'|'W'|'Z'|'-' in an arithmetic operand, and it has been converted to 0.
at 595 ns(1), Instance /tb_mipsprocessor/InstrMem/U0/mem_module/ : Warning: CONV_INTEGER: There is an 'U'|'X'|'W'|'Z'|'-' in an arithmetic operand, and it has been converted to 0.
at 605 ns(1), Instance /tb_mipsprocessor/InstrMem/U0/mem_module/ : Warning: CONV_INTEGER: There is an 'U'|'X'|'W'|'Z'|'-' in an arithmetic operand, and it has been converted to 0.
at 615 ns(1), Instance /tb_mipsprocessor/InstrMem/U0/mem_module/ : Warning: CONV_INTEGER: There is an 'U'|'X'|'W'|'Z'|'-' in an arithmetic operand, and it has been converted to 0.
at 625 ns(1), Instance /tb_mipsprocessor/InstrMem/U0/mem_module/ : Warning: CONV_INTEGER: There is an 'U'|'X'|'W'|'Z'|'-' in an arithmetic operand, and it has been converted to 0.
at 635 ns(1), Instance /tb_mipsprocessor/InstrMem/U0/mem_module/ : Warning: CONV_INTEGER: There is an 'U'|'X'|'W'|'Z'|'-' in an arithmetic operand, and it has been converted to 0.
at 645 ns(1), Instance /tb_mipsprocessor/InstrMem/U0/mem_module/ : Warning: CONV_INTEGER: There is an 'U'|'X'|'W'|'Z'|'-' in an arithmetic operand, and it has been converted to 0.
at 655 ns(1), Instance /tb_mipsprocessor/InstrMem/U0/mem_module/ : Warning: CONV_INTEGER: There is an 'U'|'X'|'W'|'Z'|'-' in an arithmetic operand, and it has been converted to 0.
at 665 ns(1), Instance /tb_mipsprocessor/InstrMem/U0/mem_module/ : Warning: CONV_INTEGER: There is an 'U'|'X'|'W'|'Z'|'-' in an arithmetic operand, and it has been converted to 0.
at 675 ns(1), Instance /tb_mipsprocessor/InstrMem/U0/mem_module/ : Warning: CONV_INTEGER: There is an 'U'|'X'|'W'|'Z'|'-' in an arithmetic operand, and it has been converted to 0.
at 685 ns(1), Instance /tb_mipsprocessor/InstrMem/U0/mem_module/ : Warning: CONV_INTEGER: There is an 'U'|'X'|'W'|'Z'|'-' in an arithmetic operand, and it has been converted to 0.
at 695 ns(1), Instance /tb_mipsprocessor/InstrMem/U0/mem_module/ : Warning: CONV_INTEGER: There is an 'U'|'X'|'W'|'Z'|'-' in an arithmetic operand, and it has been converted to 0.
at 705 ns(1), Instance /tb_mipsprocessor/InstrMem/U0/mem_module/ : Warning: CONV_INTEGER: There is an 'U'|'X'|'W'|'Z'|'-' in an arithmetic operand, and it has been converted to 0.
at 715 ns(1), Instance /tb_mipsprocessor/InstrMem/U0/mem_module/ : Warning: CONV_INTEGER: There is an 'U'|'X'|'W'|'Z'|'-' in an arithmetic operand, and it has been converted to 0.
at 725 ns(1), Instance /tb_mipsprocessor/InstrMem/U0/mem_module/ : Warning: CONV_INTEGER: There is an 'U'|'X'|'W'|'Z'|'-' in an arithmetic operand, and it has been converted to 0.
at 735 ns(1), Instance /tb_mipsprocessor/InstrMem/U0/mem_module/ : Warning: CONV_INTEGER: There is an 'U'|'X'|'W'|'Z'|'-' in an arithmetic operand, and it has been converted to 0.
at 745 ns(1), Instance /tb_mipsprocessor/InstrMem/U0/mem_module/ : Warning: CONV_INTEGER: There is an 'U'|'X'|'W'|'Z'|'-' in an arithmetic operand, and it has been converted to 0.
at 755 ns(1), Instance /tb_mipsprocessor/InstrMem/U0/mem_module/ : Warning: CONV_INTEGER: There is an 'U'|'X'|'W'|'Z'|'-' in an arithmetic operand, and it has been converted to 0.
at 765 ns(1), Instance /tb_mipsprocessor/InstrMem/U0/mem_module/ : Warning: CONV_INTEGER: There is an 'U'|'X'|'W'|'Z'|'-' in an arithmetic operand, and it has been converted to 0.
at 775 ns(1), Instance /tb_mipsprocessor/InstrMem/U0/mem_module/ : Warning: CONV_INTEGER: There is an 'U'|'X'|'W'|'Z'|'-' in an arithmetic operand, and it has been converted to 0.
at 785 ns(1), Instance /tb_mipsprocessor/InstrMem/U0/mem_module/ : Warning: CONV_INTEGER: There is an 'U'|'X'|'W'|'Z'|'-' in an arithmetic operand, and it has been converted to 0.
at 795 ns(1), Instance /tb_mipsprocessor/InstrMem/U0/mem_module/ : Warning: CONV_INTEGER: There is an 'U'|'X'|'W'|'Z'|'-' in an arithmetic operand, and it has been converted to 0.
at 805 ns(1), Instance /tb_mipsprocessor/InstrMem/U0/mem_module/ : Warning: CONV_INTEGER: There is an 'U'|'X'|'W'|'Z'|'-' in an arithmetic operand, and it has been converted to 0.
at 815 ns(1), Instance /tb_mipsprocessor/InstrMem/U0/mem_module/ : Warning: CONV_INTEGER: There is an 'U'|'X'|'W'|'Z'|'-' in an arithmetic operand, and it has been converted to 0.
at 825 ns(1), Instance /tb_mipsprocessor/InstrMem/U0/mem_module/ : Warning: CONV_INTEGER: There is an 'U'|'X'|'W'|'Z'|'-' in an arithmetic operand, and it has been converted to 0.
at 835 ns(1), Instance /tb_mipsprocessor/InstrMem/U0/mem_module/ : Warning: CONV_INTEGER: There is an 'U'|'X'|'W'|'Z'|'-' in an arithmetic operand, and it has been converted to 0.
at 845 ns(1), Instance /tb_mipsprocessor/InstrMem/U0/mem_module/ : Warning: CONV_INTEGER: There is an 'U'|'X'|'W'|'Z'|'-' in an arithmetic operand, and it has been converted to 0.
at 855 ns(1), Instance /tb_mipsprocessor/InstrMem/U0/mem_module/ : Warning: CONV_INTEGER: There is an 'U'|'X'|'W'|'Z'|'-' in an arithmetic operand, and it has been converted to 0.
at 865 ns(1), Instance /tb_mipsprocessor/InstrMem/U0/mem_module/ : Warning: CONV_INTEGER: There is an 'U'|'X'|'W'|'Z'|'-' in an arithmetic operand, and it has been converted to 0.
at 875 ns(1), Instance /tb_mipsprocessor/InstrMem/U0/mem_module/ : Warning: CONV_INTEGER: There is an 'U'|'X'|'W'|'Z'|'-' in an arithmetic operand, and it has been converted to 0.
at 885 ns(1), Instance /tb_mipsprocessor/InstrMem/U0/mem_module/ : Warning: CONV_INTEGER: There is an 'U'|'X'|'W'|'Z'|'-' in an arithmetic operand, and it has been converted to 0.
at 895 ns(1), Instance /tb_mipsprocessor/InstrMem/U0/mem_module/ : Warning: CONV_INTEGER: There is an 'U'|'X'|'W'|'Z'|'-' in an arithmetic operand, and it has been converted to 0.
at 905 ns(1), Instance /tb_mipsprocessor/InstrMem/U0/mem_module/ : Warning: CONV_INTEGER: There is an 'U'|'X'|'W'|'Z'|'-' in an arithmetic operand, and it has been converted to 0.
at 915 ns(1), Instance /tb_mipsprocessor/InstrMem/U0/mem_module/ : Warning: CONV_INTEGER: There is an 'U'|'X'|'W'|'Z'|'-' in an arithmetic operand, and it has been converted to 0.
at 925 ns(1), Instance /tb_mipsprocessor/InstrMem/U0/mem_module/ : Warning: CONV_INTEGER: There is an 'U'|'X'|'W'|'Z'|'-' in an arithmetic operand, and it has been converted to 0.
at 935 ns(1), Instance /tb_mipsprocessor/InstrMem/U0/mem_module/ : Warning: CONV_INTEGER: There is an 'U'|'X'|'W'|'Z'|'-' in an arithmetic operand, and it has been converted to 0.
at 945 ns(1), Instance /tb_mipsprocessor/InstrMem/U0/mem_module/ : Warning: CONV_INTEGER: There is an 'U'|'X'|'W'|'Z'|'-' in an arithmetic operand, and it has been converted to 0.
at 955 ns(1), Instance /tb_mipsprocessor/InstrMem/U0/mem_module/ : Warning: CONV_INTEGER: There is an 'U'|'X'|'W'|'Z'|'-' in an arithmetic operand, and it has been converted to 0.
at 965 ns(1), Instance /tb_mipsprocessor/InstrMem/U0/mem_module/ : Warning: CONV_INTEGER: There is an 'U'|'X'|'W'|'Z'|'-' in an arithmetic operand, and it has been converted to 0.
at 975 ns(1), Instance /tb_mipsprocessor/InstrMem/U0/mem_module/ : Warning: CONV_INTEGER: There is an 'U'|'X'|'W'|'Z'|'-' in an arithmetic operand, and it has been converted to 0.
at 985 ns(1), Instance /tb_mipsprocessor/InstrMem/U0/mem_module/ : Warning: CONV_INTEGER: There is an 'U'|'X'|'W'|'Z'|'-' in an arithmetic operand, and it has been converted to 0.
at 995 ns(1), Instance /tb_mipsprocessor/InstrMem/U0/mem_module/ : Warning: CONV_INTEGER: There is an 'U'|'X'|'W'|'Z'|'-' in an arithmetic operand, and it has been converted to 0.
at 1005 ns(1), Instance /tb_mipsprocessor/InstrMem/U0/mem_module/ : Warning: CONV_INTEGER: There is an 'U'|'X'|'W'|'Z'|'-' in an arithmetic operand, and it has been converted to 0.
at 1015 ns(1), Instance /tb_mipsprocessor/InstrMem/U0/mem_module/ : Warning: CONV_INTEGER: There is an 'U'|'X'|'W'|'Z'|'-' in an arithmetic operand, and it has been converted to 0.
at 1025 ns(1), Instance /tb_mipsprocessor/InstrMem/U0/mem_module/ : Warning: CONV_INTEGER: There is an 'U'|'X'|'W'|'Z'|'-' in an arithmetic operand, and it has been converted to 0.
at 1035 ns(1), Instance /tb_mipsprocessor/InstrMem/U0/mem_module/ : Warning: CONV_INTEGER: There is an 'U'|'X'|'W'|'Z'|'-' in an arithmetic operand, and it has been converted to 0.
at 1045 ns(1), Instance /tb_mipsprocessor/InstrMem/U0/mem_module/ : Warning: CONV_INTEGER: There is an 'U'|'X'|'W'|'Z'|'-' in an arithmetic operand, and it has been converted to 0.
at 1055 ns(1), Instance /tb_mipsprocessor/InstrMem/U0/mem_module/ : Warning: CONV_INTEGER: There is an 'U'|'X'|'W'|'Z'|'-' in an arithmetic operand, and it has been converted to 0.
at 1065 ns(1), Instance /tb_mipsprocessor/InstrMem/U0/mem_module/ : Warning: CONV_INTEGER: There is an 'U'|'X'|'W'|'Z'|'-' in an arithmetic operand, and it has been converted to 0.
at 1075 ns(1), Instance /tb_mipsprocessor/InstrMem/U0/mem_module/ : Warning: CONV_INTEGER: There is an 'U'|'X'|'W'|'Z'|'-' in an arithmetic operand, and it has been converted to 0.
at 1085 ns(1), Instance /tb_mipsprocessor/InstrMem/U0/mem_module/ : Warning: CONV_INTEGER: There is an 'U'|'X'|'W'|'Z'|'-' in an arithmetic operand, and it has been converted to 0.
at 1095 ns(1), Instance /tb_mipsprocessor/InstrMem/U0/mem_module/ : Warning: CONV_INTEGER: There is an 'U'|'X'|'W'|'Z'|'-' in an arithmetic operand, and it has been converted to 0.
at 1105 ns(1), Instance /tb_mipsprocessor/InstrMem/U0/mem_module/ : Warning: CONV_INTEGER: There is an 'U'|'X'|'W'|'Z'|'-' in an arithmetic operand, and it has been converted to 0.
at 1115 ns(1), Instance /tb_mipsprocessor/InstrMem/U0/mem_module/ : Warning: CONV_INTEGER: There is an 'U'|'X'|'W'|'Z'|'-' in an arithmetic operand, and it has been converted to 0.
at 1125 ns(1), Instance /tb_mipsprocessor/InstrMem/U0/mem_module/ : Warning: CONV_INTEGER: There is an 'U'|'X'|'W'|'Z'|'-' in an arithmetic operand, and it has been converted to 0.
at 1135 ns(1), Instance /tb_mipsprocessor/InstrMem/U0/mem_module/ : Warning: CONV_INTEGER: There is an 'U'|'X'|'W'|'Z'|'-' in an arithmetic operand, and it has been converted to 0.
at 1145 ns(1), Instance /tb_mipsprocessor/InstrMem/U0/mem_module/ : Warning: CONV_INTEGER: There is an 'U'|'X'|'W'|'Z'|'-' in an arithmetic operand, and it has been converted to 0.
at 1155 ns(1), Instance /tb_mipsprocessor/InstrMem/U0/mem_module/ : Warning: CONV_INTEGER: There is an 'U'|'X'|'W'|'Z'|'-' in an arithmetic operand, and it has been converted to 0.
at 1165 ns(1), Instance /tb_mipsprocessor/InstrMem/U0/mem_module/ : Warning: CONV_INTEGER: There is an 'U'|'X'|'W'|'Z'|'-' in an arithmetic operand, and it has been converted to 0.
at 1175 ns(1), Instance /tb_mipsprocessor/InstrMem/U0/mem_module/ : Warning: CONV_INTEGER: There is an 'U'|'X'|'W'|'Z'|'-' in an arithmetic operand, and it has been converted to 0.
at 1185 ns(1), Instance /tb_mipsprocessor/InstrMem/U0/mem_module/ : Warning: CONV_INTEGER: There is an 'U'|'X'|'W'|'Z'|'-' in an arithmetic operand, and it has been converted to 0.
at 1195 ns(1), Instance /tb_mipsprocessor/InstrMem/U0/mem_module/ : Warning: CONV_INTEGER: There is an 'U'|'X'|'W'|'Z'|'-' in an arithmetic operand, and it has been converted to 0.
at 1205 ns(1), Instance /tb_mipsprocessor/InstrMem/U0/mem_module/ : Warning: CONV_INTEGER: There is an 'U'|'X'|'W'|'Z'|'-' in an arithmetic operand, and it has been converted to 0.
at 1215 ns(1), Instance /tb_mipsprocessor/InstrMem/U0/mem_module/ : Warning: CONV_INTEGER: There is an 'U'|'X'|'W'|'Z'|'-' in an arithmetic operand, and it has been converted to 0.
at 1225 ns(1), Instance /tb_mipsprocessor/InstrMem/U0/mem_module/ : Warning: CONV_INTEGER: There is an 'U'|'X'|'W'|'Z'|'-' in an arithmetic operand, and it has been converted to 0.
at 1235 ns(1), Instance /tb_mipsprocessor/InstrMem/U0/mem_module/ : Warning: CONV_INTEGER: There is an 'U'|'X'|'W'|'Z'|'-' in an arithmetic operand, and it has been converted to 0.
at 1245 ns(1), Instance /tb_mipsprocessor/InstrMem/U0/mem_module/ : Warning: CONV_INTEGER: There is an 'U'|'X'|'W'|'Z'|'-' in an arithmetic operand, and it has been converted to 0.
at 1255 ns(1), Instance /tb_mipsprocessor/InstrMem/U0/mem_module/ : Warning: CONV_INTEGER: There is an 'U'|'X'|'W'|'Z'|'-' in an arithmetic operand, and it has been converted to 0.
at 1265 ns(1), Instance /tb_mipsprocessor/InstrMem/U0/mem_module/ : Warning: CONV_INTEGER: There is an 'U'|'X'|'W'|'Z'|'-' in an arithmetic operand, and it has been converted to 0.
at 1275 ns(1), Instance /tb_mipsprocessor/InstrMem/U0/mem_module/ : Warning: CONV_INTEGER: There is an 'U'|'X'|'W'|'Z'|'-' in an arithmetic operand, and it has been converted to 0.
at 1285 ns(1), Instance /tb_mipsprocessor/InstrMem/U0/mem_module/ : Warning: CONV_INTEGER: There is an 'U'|'X'|'W'|'Z'|'-' in an arithmetic operand, and it has been converted to 0.
at 1295 ns(1), Instance /tb_mipsprocessor/InstrMem/U0/mem_module/ : Warning: CONV_INTEGER: There is an 'U'|'X'|'W'|'Z'|'-' in an arithmetic operand, and it has been converted to 0.
at 1305 ns(1), Instance /tb_mipsprocessor/InstrMem/U0/mem_module/ : Warning: CONV_INTEGER: There is an 'U'|'X'|'W'|'Z'|'-' in an arithmetic operand, and it has been converted to 0.
at 1315 ns(1), Instance /tb_mipsprocessor/InstrMem/U0/mem_module/ : Warning: CONV_INTEGER: There is an 'U'|'X'|'W'|'Z'|'-' in an arithmetic operand, and it has been converted to 0.
at 1325 ns(1), Instance /tb_mipsprocessor/InstrMem/U0/mem_module/ : Warning: CONV_INTEGER: There is an 'U'|'X'|'W'|'Z'|'-' in an arithmetic operand, and it has been converted to 0.
at 1335 ns(1), Instance /tb_mipsprocessor/InstrMem/U0/mem_module/ : Warning: CONV_INTEGER: There is an 'U'|'X'|'W'|'Z'|'-' in an arithmetic operand, and it has been converted to 0.
at 1345 ns(1), Instance /tb_mipsprocessor/InstrMem/U0/mem_module/ : Warning: CONV_INTEGER: There is an 'U'|'X'|'W'|'Z'|'-' in an arithmetic operand, and it has been converted to 0.
at 1355 ns(1), Instance /tb_mipsprocessor/InstrMem/U0/mem_module/ : Warning: CONV_INTEGER: There is an 'U'|'X'|'W'|'Z'|'-' in an arithmetic operand, and it has been converted to 0.
at 1365 ns(1), Instance /tb_mipsprocessor/InstrMem/U0/mem_module/ : Warning: CONV_INTEGER: There is an 'U'|'X'|'W'|'Z'|'-' in an arithmetic operand, and it has been converted to 0.
at 1375 ns(1), Instance /tb_mipsprocessor/InstrMem/U0/mem_module/ : Warning: CONV_INTEGER: There is an 'U'|'X'|'W'|'Z'|'-' in an arithmetic operand, and it has been converted to 0.
at 1385 ns(1), Instance /tb_mipsprocessor/InstrMem/U0/mem_module/ : Warning: CONV_INTEGER: There is an 'U'|'X'|'W'|'Z'|'-' in an arithmetic operand, and it has been converted to 0.
at 1395 ns(1), Instance /tb_mipsprocessor/InstrMem/U0/mem_module/ : Warning: CONV_INTEGER: There is an 'U'|'X'|'W'|'Z'|'-' in an arithmetic operand, and it has been converted to 0.
at 1405 ns(1), Instance /tb_mipsprocessor/InstrMem/U0/mem_module/ : Warning: CONV_INTEGER: There is an 'U'|'X'|'W'|'Z'|'-' in an arithmetic operand, and it has been converted to 0.
at 1415 ns(1), Instance /tb_mipsprocessor/InstrMem/U0/mem_module/ : Warning: CONV_INTEGER: There is an 'U'|'X'|'W'|'Z'|'-' in an arithmetic operand, and it has been converted to 0.
at 1425 ns(1), Instance /tb_mipsprocessor/InstrMem/U0/mem_module/ : Warning: CONV_INTEGER: There is an 'U'|'X'|'W'|'Z'|'-' in an arithmetic operand, and it has been converted to 0.
at 1435 ns(1), Instance /tb_mipsprocessor/InstrMem/U0/mem_module/ : Warning: CONV_INTEGER: There is an 'U'|'X'|'W'|'Z'|'-' in an arithmetic operand, and it has been converted to 0.
at 1445 ns(1), Instance /tb_mipsprocessor/InstrMem/U0/mem_module/ : Warning: CONV_INTEGER: There is an 'U'|'X'|'W'|'Z'|'-' in an arithmetic operand, and it has been converted to 0.
at 1455 ns(1), Instance /tb_mipsprocessor/InstrMem/U0/mem_module/ : Warning: CONV_INTEGER: There is an 'U'|'X'|'W'|'Z'|'-' in an arithmetic operand, and it has been converted to 0.
at 1465 ns(1), Instance /tb_mipsprocessor/InstrMem/U0/mem_module/ : Warning: CONV_INTEGER: There is an 'U'|'X'|'W'|'Z'|'-' in an arithmetic operand, and it has been converted to 0.
at 1475 ns(1), Instance /tb_mipsprocessor/InstrMem/U0/mem_module/ : Warning: CONV_INTEGER: There is an 'U'|'X'|'W'|'Z'|'-' in an arithmetic operand, and it has been converted to 0.
at 1485 ns(1), Instance /tb_mipsprocessor/InstrMem/U0/mem_module/ : Warning: CONV_INTEGER: There is an 'U'|'X'|'W'|'Z'|'-' in an arithmetic operand, and it has been converted to 0.
at 1495 ns(1), Instance /tb_mipsprocessor/InstrMem/U0/mem_module/ : Warning: CONV_INTEGER: There is an 'U'|'X'|'W'|'Z'|'-' in an arithmetic operand, and it has been converted to 0.
at 1505 ns(1), Instance /tb_mipsprocessor/InstrMem/U0/mem_module/ : Warning: CONV_INTEGER: There is an 'U'|'X'|'W'|'Z'|'-' in an arithmetic operand, and it has been converted to 0.
at 1515 ns(1), Instance /tb_mipsprocessor/InstrMem/U0/mem_module/ : Warning: CONV_INTEGER: There is an 'U'|'X'|'W'|'Z'|'-' in an arithmetic operand, and it has been converted to 0.
at 1525 ns(1), Instance /tb_mipsprocessor/InstrMem/U0/mem_module/ : Warning: CONV_INTEGER: There is an 'U'|'X'|'W'|'Z'|'-' in an arithmetic operand, and it has been converted to 0.
at 1535 ns(1), Instance /tb_mipsprocessor/InstrMem/U0/mem_module/ : Warning: CONV_INTEGER: There is an 'U'|'X'|'W'|'Z'|'-' in an arithmetic operand, and it has been converted to 0.
at 1545 ns(1), Instance /tb_mipsprocessor/InstrMem/U0/mem_module/ : Warning: CONV_INTEGER: There is an 'U'|'X'|'W'|'Z'|'-' in an arithmetic operand, and it has been converted to 0.
at 1555 ns(1), Instance /tb_mipsprocessor/InstrMem/U0/mem_module/ : Warning: CONV_INTEGER: There is an 'U'|'X'|'W'|'Z'|'-' in an arithmetic operand, and it has been converted to 0.
at 1565 ns(1), Instance /tb_mipsprocessor/InstrMem/U0/mem_module/ : Warning: CONV_INTEGER: There is an 'U'|'X'|'W'|'Z'|'-' in an arithmetic operand, and it has been converted to 0.
at 1575 ns(1), Instance /tb_mipsprocessor/InstrMem/U0/mem_module/ : Warning: CONV_INTEGER: There is an 'U'|'X'|'W'|'Z'|'-' in an arithmetic operand, and it has been converted to 0.
at 1585 ns(1), Instance /tb_mipsprocessor/InstrMem/U0/mem_module/ : Warning: CONV_INTEGER: There is an 'U'|'X'|'W'|'Z'|'-' in an arithmetic operand, and it has been converted to 0.
at 1595 ns(1), Instance /tb_mipsprocessor/InstrMem/U0/mem_module/ : Warning: CONV_INTEGER: There is an 'U'|'X'|'W'|'Z'|'-' in an arithmetic operand, and it has been converted to 0.
at 1605 ns(1), Instance /tb_mipsprocessor/InstrMem/U0/mem_module/ : Warning: CONV_INTEGER: There is an 'U'|'X'|'W'|'Z'|'-' in an arithmetic operand, and it has been converted to 0.
at 1615 ns(1), Instance /tb_mipsprocessor/InstrMem/U0/mem_module/ : Warning: CONV_INTEGER: There is an 'U'|'X'|'W'|'Z'|'-' in an arithmetic operand, and it has been converted to 0.
at 1625 ns(1), Instance /tb_mipsprocessor/InstrMem/U0/mem_module/ : Warning: CONV_INTEGER: There is an 'U'|'X'|'W'|'Z'|'-' in an arithmetic operand, and it has been converted to 0.
at 1635 ns(1), Instance /tb_mipsprocessor/InstrMem/U0/mem_module/ : Warning: CONV_INTEGER: There is an 'U'|'X'|'W'|'Z'|'-' in an arithmetic operand, and it has been converted to 0.
at 1645 ns(1), Instance /tb_mipsprocessor/InstrMem/U0/mem_module/ : Warning: CONV_INTEGER: There is an 'U'|'X'|'W'|'Z'|'-' in an arithmetic operand, and it has been converted to 0.
at 1655 ns(1), Instance /tb_mipsprocessor/InstrMem/U0/mem_module/ : Warning: CONV_INTEGER: There is an 'U'|'X'|'W'|'Z'|'-' in an arithmetic operand, and it has been converted to 0.
at 1665 ns(1), Instance /tb_mipsprocessor/InstrMem/U0/mem_module/ : Warning: CONV_INTEGER: There is an 'U'|'X'|'W'|'Z'|'-' in an arithmetic operand, and it has been converted to 0.
at 1675 ns(1), Instance /tb_mipsprocessor/InstrMem/U0/mem_module/ : Warning: CONV_INTEGER: There is an 'U'|'X'|'W'|'Z'|'-' in an arithmetic operand, and it has been converted to 0.
at 1685 ns(1), Instance /tb_mipsprocessor/InstrMem/U0/mem_module/ : Warning: CONV_INTEGER: There is an 'U'|'X'|'W'|'Z'|'-' in an arithmetic operand, and it has been converted to 0.
at 1695 ns(1), Instance /tb_mipsprocessor/InstrMem/U0/mem_module/ : Warning: CONV_INTEGER: There is an 'U'|'X'|'W'|'Z'|'-' in an arithmetic operand, and it has been converted to 0.
at 1705 ns(1), Instance /tb_mipsprocessor/InstrMem/U0/mem_module/ : Warning: CONV_INTEGER: There is an 'U'|'X'|'W'|'Z'|'-' in an arithmetic operand, and it has been converted to 0.
at 1715 ns(1), Instance /tb_mipsprocessor/InstrMem/U0/mem_module/ : Warning: CONV_INTEGER: There is an 'U'|'X'|'W'|'Z'|'-' in an arithmetic operand, and it has been converted to 0.
at 1725 ns(1), Instance /tb_mipsprocessor/InstrMem/U0/mem_module/ : Warning: CONV_INTEGER: There is an 'U'|'X'|'W'|'Z'|'-' in an arithmetic operand, and it has been converted to 0.
at 1735 ns(1), Instance /tb_mipsprocessor/InstrMem/U0/mem_module/ : Warning: CONV_INTEGER: There is an 'U'|'X'|'W'|'Z'|'-' in an arithmetic operand, and it has been converted to 0.
at 1745 ns(1), Instance /tb_mipsprocessor/InstrMem/U0/mem_module/ : Warning: CONV_INTEGER: There is an 'U'|'X'|'W'|'Z'|'-' in an arithmetic operand, and it has been converted to 0.
at 1755 ns(1), Instance /tb_mipsprocessor/InstrMem/U0/mem_module/ : Warning: CONV_INTEGER: There is an 'U'|'X'|'W'|'Z'|'-' in an arithmetic operand, and it has been converted to 0.
at 1765 ns(1), Instance /tb_mipsprocessor/InstrMem/U0/mem_module/ : Warning: CONV_INTEGER: There is an 'U'|'X'|'W'|'Z'|'-' in an arithmetic operand, and it has been converted to 0.
at 1775 ns(1), Instance /tb_mipsprocessor/InstrMem/U0/mem_module/ : Warning: CONV_INTEGER: There is an 'U'|'X'|'W'|'Z'|'-' in an arithmetic operand, and it has been converted to 0.
at 1785 ns(1), Instance /tb_mipsprocessor/InstrMem/U0/mem_module/ : Warning: CONV_INTEGER: There is an 'U'|'X'|'W'|'Z'|'-' in an arithmetic operand, and it has been converted to 0.
at 1795 ns(1), Instance /tb_mipsprocessor/InstrMem/U0/mem_module/ : Warning: CONV_INTEGER: There is an 'U'|'X'|'W'|'Z'|'-' in an arithmetic operand, and it has been converted to 0.
at 1805 ns(1), Instance /tb_mipsprocessor/InstrMem/U0/mem_module/ : Warning: CONV_INTEGER: There is an 'U'|'X'|'W'|'Z'|'-' in an arithmetic operand, and it has been converted to 0.
at 1815 ns(1), Instance /tb_mipsprocessor/InstrMem/U0/mem_module/ : Warning: CONV_INTEGER: There is an 'U'|'X'|'W'|'Z'|'-' in an arithmetic operand, and it has been converted to 0.
at 1825 ns(1), Instance /tb_mipsprocessor/InstrMem/U0/mem_module/ : Warning: CONV_INTEGER: There is an 'U'|'X'|'W'|'Z'|'-' in an arithmetic operand, and it has been converted to 0.
at 1835 ns(1), Instance /tb_mipsprocessor/InstrMem/U0/mem_module/ : Warning: CONV_INTEGER: There is an 'U'|'X'|'W'|'Z'|'-' in an arithmetic operand, and it has been converted to 0.
at 1845 ns(1), Instance /tb_mipsprocessor/InstrMem/U0/mem_module/ : Warning: CONV_INTEGER: There is an 'U'|'X'|'W'|'Z'|'-' in an arithmetic operand, and it has been converted to 0.
at 1855 ns(1), Instance /tb_mipsprocessor/InstrMem/U0/mem_module/ : Warning: CONV_INTEGER: There is an 'U'|'X'|'W'|'Z'|'-' in an arithmetic operand, and it has been converted to 0.
at 1865 ns(1), Instance /tb_mipsprocessor/InstrMem/U0/mem_module/ : Warning: CONV_INTEGER: There is an 'U'|'X'|'W'|'Z'|'-' in an arithmetic operand, and it has been converted to 0.
at 1875 ns(1), Instance /tb_mipsprocessor/InstrMem/U0/mem_module/ : Warning: CONV_INTEGER: There is an 'U'|'X'|'W'|'Z'|'-' in an arithmetic operand, and it has been converted to 0.
at 1885 ns(1), Instance /tb_mipsprocessor/InstrMem/U0/mem_module/ : Warning: CONV_INTEGER: There is an 'U'|'X'|'W'|'Z'|'-' in an arithmetic operand, and it has been converted to 0.
at 1895 ns(1), Instance /tb_mipsprocessor/InstrMem/U0/mem_module/ : Warning: CONV_INTEGER: There is an 'U'|'X'|'W'|'Z'|'-' in an arithmetic operand, and it has been converted to 0.
at 1905 ns(1), Instance /tb_mipsprocessor/InstrMem/U0/mem_module/ : Warning: CONV_INTEGER: There is an 'U'|'X'|'W'|'Z'|'-' in an arithmetic operand, and it has been converted to 0.
at 1915 ns(1), Instance /tb_mipsprocessor/InstrMem/U0/mem_module/ : Warning: CONV_INTEGER: There is an 'U'|'X'|'W'|'Z'|'-' in an arithmetic operand, and it has been converted to 0.
at 1925 ns(1), Instance /tb_mipsprocessor/InstrMem/U0/mem_module/ : Warning: CONV_INTEGER: There is an 'U'|'X'|'W'|'Z'|'-' in an arithmetic operand, and it has been converted to 0.
at 1935 ns(1), Instance /tb_mipsprocessor/InstrMem/U0/mem_module/ : Warning: CONV_INTEGER: There is an 'U'|'X'|'W'|'Z'|'-' in an arithmetic operand, and it has been converted to 0.
at 1945 ns(1), Instance /tb_mipsprocessor/InstrMem/U0/mem_module/ : Warning: CONV_INTEGER: There is an 'U'|'X'|'W'|'Z'|'-' in an arithmetic operand, and it has been converted to 0.
at 1955 ns(1), Instance /tb_mipsprocessor/InstrMem/U0/mem_module/ : Warning: CONV_INTEGER: There is an 'U'|'X'|'W'|'Z'|'-' in an arithmetic operand, and it has been converted to 0.
at 1965 ns(1), Instance /tb_mipsprocessor/InstrMem/U0/mem_module/ : Warning: CONV_INTEGER: There is an 'U'|'X'|'W'|'Z'|'-' in an arithmetic operand, and it has been converted to 0.
at 1975 ns(1), Instance /tb_mipsprocessor/InstrMem/U0/mem_module/ : Warning: CONV_INTEGER: There is an 'U'|'X'|'W'|'Z'|'-' in an arithmetic operand, and it has been converted to 0.
at 1985 ns(1), Instance /tb_mipsprocessor/InstrMem/U0/mem_module/ : Warning: CONV_INTEGER: There is an 'U'|'X'|'W'|'Z'|'-' in an arithmetic operand, and it has been converted to 0.
at 1995 ns(1), Instance /tb_mipsprocessor/InstrMem/U0/mem_module/ : Warning: CONV_INTEGER: There is an 'U'|'X'|'W'|'Z'|'-' in an arithmetic operand, and it has been converted to 0.
at 2005 ns(1), Instance /tb_mipsprocessor/InstrMem/U0/mem_module/ : Warning: CONV_INTEGER: There is an 'U'|'X'|'W'|'Z'|'-' in an arithmetic operand, and it has been converted to 0.
at 2015 ns(1), Instance /tb_mipsprocessor/InstrMem/U0/mem_module/ : Warning: CONV_INTEGER: There is an 'U'|'X'|'W'|'Z'|'-' in an arithmetic operand, and it has been converted to 0.
at 2025 ns(1), Instance /tb_mipsprocessor/InstrMem/U0/mem_module/ : Warning: CONV_INTEGER: There is an 'U'|'X'|'W'|'Z'|'-' in an arithmetic operand, and it has been converted to 0.
at 2035 ns(1), Instance /tb_mipsprocessor/InstrMem/U0/mem_module/ : Warning: CONV_INTEGER: There is an 'U'|'X'|'W'|'Z'|'-' in an arithmetic operand, and it has been converted to 0.
at 2045 ns(1), Instance /tb_mipsprocessor/InstrMem/U0/mem_module/ : Warning: CONV_INTEGER: There is an 'U'|'X'|'W'|'Z'|'-' in an arithmetic operand, and it has been converted to 0.
at 2055 ns(1), Instance /tb_mipsprocessor/InstrMem/U0/mem_module/ : Warning: CONV_INTEGER: There is an 'U'|'X'|'W'|'Z'|'-' in an arithmetic operand, and it has been converted to 0.
at 2065 ns(1), Instance /tb_mipsprocessor/InstrMem/U0/mem_module/ : Warning: CONV_INTEGER: There is an 'U'|'X'|'W'|'Z'|'-' in an arithmetic operand, and it has been converted to 0.
at 2075 ns(1), Instance /tb_mipsprocessor/InstrMem/U0/mem_module/ : Warning: CONV_INTEGER: There is an 'U'|'X'|'W'|'Z'|'-' in an arithmetic operand, and it has been converted to 0.
at 2085 ns(1), Instance /tb_mipsprocessor/InstrMem/U0/mem_module/ : Warning: CONV_INTEGER: There is an 'U'|'X'|'W'|'Z'|'-' in an arithmetic operand, and it has been converted to 0.
at 2095 ns(1), Instance /tb_mipsprocessor/InstrMem/U0/mem_module/ : Warning: CONV_INTEGER: There is an 'U'|'X'|'W'|'Z'|'-' in an arithmetic operand, and it has been converted to 0.
at 2105 ns(1), Instance /tb_mipsprocessor/InstrMem/U0/mem_module/ : Warning: CONV_INTEGER: There is an 'U'|'X'|'W'|'Z'|'-' in an arithmetic operand, and it has been converted to 0.
at 2115 ns(1), Instance /tb_mipsprocessor/InstrMem/U0/mem_module/ : Warning: CONV_INTEGER: There is an 'U'|'X'|'W'|'Z'|'-' in an arithmetic operand, and it has been converted to 0.
at 2125 ns(1), Instance /tb_mipsprocessor/InstrMem/U0/mem_module/ : Warning: CONV_INTEGER: There is an 'U'|'X'|'W'|'Z'|'-' in an arithmetic operand, and it has been converted to 0.
at 2135 ns(1), Instance /tb_mipsprocessor/InstrMem/U0/mem_module/ : Warning: CONV_INTEGER: There is an 'U'|'X'|'W'|'Z'|'-' in an arithmetic operand, and it has been converted to 0.
at 2145 ns(1), Instance /tb_mipsprocessor/InstrMem/U0/mem_module/ : Warning: CONV_INTEGER: There is an 'U'|'X'|'W'|'Z'|'-' in an arithmetic operand, and it has been converted to 0.
at 2155 ns(1), Instance /tb_mipsprocessor/InstrMem/U0/mem_module/ : Warning: CONV_INTEGER: There is an 'U'|'X'|'W'|'Z'|'-' in an arithmetic operand, and it has been converted to 0.
at 2165 ns(1), Instance /tb_mipsprocessor/InstrMem/U0/mem_module/ : Warning: CONV_INTEGER: There is an 'U'|'X'|'W'|'Z'|'-' in an arithmetic operand, and it has been converted to 0.
at 2175 ns(1), Instance /tb_mipsprocessor/InstrMem/U0/mem_module/ : Warning: CONV_INTEGER: There is an 'U'|'X'|'W'|'Z'|'-' in an arithmetic operand, and it has been converted to 0.
at 2185 ns(1), Instance /tb_mipsprocessor/InstrMem/U0/mem_module/ : Warning: CONV_INTEGER: There is an 'U'|'X'|'W'|'Z'|'-' in an arithmetic operand, and it has been converted to 0.
at 2195 ns(1), Instance /tb_mipsprocessor/InstrMem/U0/mem_module/ : Warning: CONV_INTEGER: There is an 'U'|'X'|'W'|'Z'|'-' in an arithmetic operand, and it has been converted to 0.
at 2205 ns(1), Instance /tb_mipsprocessor/InstrMem/U0/mem_module/ : Warning: CONV_INTEGER: There is an 'U'|'X'|'W'|'Z'|'-' in an arithmetic operand, and it has been converted to 0.
at 2215 ns(1), Instance /tb_mipsprocessor/InstrMem/U0/mem_module/ : Warning: CONV_INTEGER: There is an 'U'|'X'|'W'|'Z'|'-' in an arithmetic operand, and it has been converted to 0.
at 2225 ns(1), Instance /tb_mipsprocessor/InstrMem/U0/mem_module/ : Warning: CONV_INTEGER: There is an 'U'|'X'|'W'|'Z'|'-' in an arithmetic operand, and it has been converted to 0.
at 2235 ns(1), Instance /tb_mipsprocessor/InstrMem/U0/mem_module/ : Warning: CONV_INTEGER: There is an 'U'|'X'|'W'|'Z'|'-' in an arithmetic operand, and it has been converted to 0.
at 2245 ns(1), Instance /tb_mipsprocessor/InstrMem/U0/mem_module/ : Warning: CONV_INTEGER: There is an 'U'|'X'|'W'|'Z'|'-' in an arithmetic operand, and it has been converted to 0.
at 2255 ns(1), Instance /tb_mipsprocessor/InstrMem/U0/mem_module/ : Warning: CONV_INTEGER: There is an 'U'|'X'|'W'|'Z'|'-' in an arithmetic operand, and it has been converted to 0.
at 2265 ns(1), Instance /tb_mipsprocessor/InstrMem/U0/mem_module/ : Warning: CONV_INTEGER: There is an 'U'|'X'|'W'|'Z'|'-' in an arithmetic operand, and it has been converted to 0.
at 2275 ns(1), Instance /tb_mipsprocessor/InstrMem/U0/mem_module/ : Warning: CONV_INTEGER: There is an 'U'|'X'|'W'|'Z'|'-' in an arithmetic operand, and it has been converted to 0.
at 2285 ns(1), Instance /tb_mipsprocessor/InstrMem/U0/mem_module/ : Warning: CONV_INTEGER: There is an 'U'|'X'|'W'|'Z'|'-' in an arithmetic operand, and it has been converted to 0.
at 2295 ns(1), Instance /tb_mipsprocessor/InstrMem/U0/mem_module/ : Warning: CONV_INTEGER: There is an 'U'|'X'|'W'|'Z'|'-' in an arithmetic operand, and it has been converted to 0.
at 2305 ns(1), Instance /tb_mipsprocessor/InstrMem/U0/mem_module/ : Warning: CONV_INTEGER: There is an 'U'|'X'|'W'|'Z'|'-' in an arithmetic operand, and it has been converted to 0.
at 2315 ns(1), Instance /tb_mipsprocessor/InstrMem/U0/mem_module/ : Warning: CONV_INTEGER: There is an 'U'|'X'|'W'|'Z'|'-' in an arithmetic operand, and it has been converted to 0.
at 2325 ns(1), Instance /tb_mipsprocessor/InstrMem/U0/mem_module/ : Warning: CONV_INTEGER: There is an 'U'|'X'|'W'|'Z'|'-' in an arithmetic operand, and it has been converted to 0.
at 2335 ns(1), Instance /tb_mipsprocessor/InstrMem/U0/mem_module/ : Warning: CONV_INTEGER: There is an 'U'|'X'|'W'|'Z'|'-' in an arithmetic operand, and it has been converted to 0.
at 2345 ns(1), Instance /tb_mipsprocessor/InstrMem/U0/mem_module/ : Warning: CONV_INTEGER: There is an 'U'|'X'|'W'|'Z'|'-' in an arithmetic operand, and it has been converted to 0.
at 2355 ns(1), Instance /tb_mipsprocessor/InstrMem/U0/mem_module/ : Warning: CONV_INTEGER: There is an 'U'|'X'|'W'|'Z'|'-' in an arithmetic operand, and it has been converted to 0.
at 2365 ns(1), Instance /tb_mipsprocessor/InstrMem/U0/mem_module/ : Warning: CONV_INTEGER: There is an 'U'|'X'|'W'|'Z'|'-' in an arithmetic operand, and it has been converted to 0.
at 2375 ns(1), Instance /tb_mipsprocessor/InstrMem/U0/mem_module/ : Warning: CONV_INTEGER: There is an 'U'|'X'|'W'|'Z'|'-' in an arithmetic operand, and it has been converted to 0.
at 2385 ns(1), Instance /tb_mipsprocessor/InstrMem/U0/mem_module/ : Warning: CONV_INTEGER: There is an 'U'|'X'|'W'|'Z'|'-' in an arithmetic operand, and it has been converted to 0.
at 2395 ns(1), Instance /tb_mipsprocessor/InstrMem/U0/mem_module/ : Warning: CONV_INTEGER: There is an 'U'|'X'|'W'|'Z'|'-' in an arithmetic operand, and it has been converted to 0.
at 2405 ns(1), Instance /tb_mipsprocessor/InstrMem/U0/mem_module/ : Warning: CONV_INTEGER: There is an 'U'|'X'|'W'|'Z'|'-' in an arithmetic operand, and it has been converted to 0.
at 2415 ns(1), Instance /tb_mipsprocessor/InstrMem/U0/mem_module/ : Warning: CONV_INTEGER: There is an 'U'|'X'|'W'|'Z'|'-' in an arithmetic operand, and it has been converted to 0.
at 2425 ns(1), Instance /tb_mipsprocessor/InstrMem/U0/mem_module/ : Warning: CONV_INTEGER: There is an 'U'|'X'|'W'|'Z'|'-' in an arithmetic operand, and it has been converted to 0.
at 2435 ns(1), Instance /tb_mipsprocessor/InstrMem/U0/mem_module/ : Warning: CONV_INTEGER: There is an 'U'|'X'|'W'|'Z'|'-' in an arithmetic operand, and it has been converted to 0.
at 2445 ns(1), Instance /tb_mipsprocessor/InstrMem/U0/mem_module/ : Warning: CONV_INTEGER: There is an 'U'|'X'|'W'|'Z'|'-' in an arithmetic operand, and it has been converted to 0.
at 2455 ns(1), Instance /tb_mipsprocessor/InstrMem/U0/mem_module/ : Warning: CONV_INTEGER: There is an 'U'|'X'|'W'|'Z'|'-' in an arithmetic operand, and it has been converted to 0.
at 2465 ns(1), Instance /tb_mipsprocessor/InstrMem/U0/mem_module/ : Warning: CONV_INTEGER: There is an 'U'|'X'|'W'|'Z'|'-' in an arithmetic operand, and it has been converted to 0.
at 2475 ns(1), Instance /tb_mipsprocessor/InstrMem/U0/mem_module/ : Warning: CONV_INTEGER: There is an 'U'|'X'|'W'|'Z'|'-' in an arithmetic operand, and it has been converted to 0.
at 2485 ns(1), Instance /tb_mipsprocessor/InstrMem/U0/mem_module/ : Warning: CONV_INTEGER: There is an 'U'|'X'|'W'|'Z'|'-' in an arithmetic operand, and it has been converted to 0.
at 2495 ns(1), Instance /tb_mipsprocessor/InstrMem/U0/mem_module/ : Warning: CONV_INTEGER: There is an 'U'|'X'|'W'|'Z'|'-' in an arithmetic operand, and it has been converted to 0.
at 2505 ns(1), Instance /tb_mipsprocessor/InstrMem/U0/mem_module/ : Warning: CONV_INTEGER: There is an 'U'|'X'|'W'|'Z'|'-' in an arithmetic operand, and it has been converted to 0.
at 2515 ns(1), Instance /tb_mipsprocessor/InstrMem/U0/mem_module/ : Warning: CONV_INTEGER: There is an 'U'|'X'|'W'|'Z'|'-' in an arithmetic operand, and it has been converted to 0.
at 2525 ns(1), Instance /tb_mipsprocessor/InstrMem/U0/mem_module/ : Warning: CONV_INTEGER: There is an 'U'|'X'|'W'|'Z'|'-' in an arithmetic operand, and it has been converted to 0.
at 2540 ns: Note: Expected data not found at datamem addr 5 found = 0 expected 12 (/tb_mipsprocessor/).
at 2550 ns: Note: Expected data not found at datamem addr 6 found = 0 expected 12 (/tb_mipsprocessor/).
at 2560 ns: Note: Expected data not found at datamem addr 7 found = 0 expected 12 (/tb_mipsprocessor/).
at 2570 ns: Note: Expected data not found at datamem addr 8 found = 0 expected 393216 (/tb_mipsprocessor/).
at 2580 ns: Note: Expected data not found at datamem addr 9 found = 0 expected 393218 (/tb_mipsprocessor/).
at 2590 ns: Note: Expected data not found at datamem addr 12 found = 0 expected 1 (/tb_mipsprocessor/).
at 2600 ns: Note: Expected data not found at datamem addr 13 found = 0 expected 393198 (/tb_mipsprocessor/).
at 2610 ns: Note: Expected data not found at datamem addr 15 found = 0 expected 8 (/tb_mipsprocessor/).
at 2620 ns: Note: Expected data not found at datamem addr 16 found = 0 expected 14 (/tb_mipsprocessor/).
Stopped at time : 29629290 ns : File "/opt/dmlab/home/chriram/Documents/computer_design/exercise1/tb_MIPSProcessor.vhd" Line 87
# restart
# run all
Simulator is doing circuit initialization process.
Finished circuit initialization process.
at 105 ns(1): Note: Block Memory Generator CORE Generator module is using a behavioral model FOR simulation which will not precisely model memory collision behavior. (/tb_mipsprocessor/InstrMem/U0/mem_module/).
at 105 ns(1), Instance /tb_mipsprocessor/InstrMem/U0/mem_module/ : Warning: blk_mem_gen_v4_3 WARNING: collision detected: A write address: 00000000, B read address: 0000000000

at 415 ns(1): Note: Block Memory Generator CORE Generator module is using a behavioral model FOR simulation which will not precisely model memory collision behavior. (/tb_mipsprocessor/DataMem/U0/mem_module/).
at 535 ns(1), Instance /tb_mipsprocessor/InstrMem/U0/mem_module/ : Warning: CONV_INTEGER: There is an 'U'|'X'|'W'|'Z'|'-' in an arithmetic operand, and it has been converted to 0.
at 545 ns(1), Instance /tb_mipsprocessor/InstrMem/U0/mem_module/ : Warning: CONV_INTEGER: There is an 'U'|'X'|'W'|'Z'|'-' in an arithmetic operand, and it has been converted to 0.
at 555 ns(1), Instance /tb_mipsprocessor/InstrMem/U0/mem_module/ : Warning: CONV_INTEGER: There is an 'U'|'X'|'W'|'Z'|'-' in an arithmetic operand, and it has been converted to 0.
at 565 ns(1), Instance /tb_mipsprocessor/InstrMem/U0/mem_module/ : Warning: CONV_INTEGER: There is an 'U'|'X'|'W'|'Z'|'-' in an arithmetic operand, and it has been converted to 0.
at 575 ns(1), Instance /tb_mipsprocessor/InstrMem/U0/mem_module/ : Warning: CONV_INTEGER: There is an 'U'|'X'|'W'|'Z'|'-' in an arithmetic operand, and it has been converted to 0.
at 585 ns(1), Instance /tb_mipsprocessor/InstrMem/U0/mem_module/ : Warning: CONV_INTEGER: There is an 'U'|'X'|'W'|'Z'|'-' in an arithmetic operand, and it has been converted to 0.
at 595 ns(1), Instance /tb_mipsprocessor/InstrMem/U0/mem_module/ : Warning: CONV_INTEGER: There is an 'U'|'X'|'W'|'Z'|'-' in an arithmetic operand, and it has been converted to 0.
at 605 ns(1), Instance /tb_mipsprocessor/InstrMem/U0/mem_module/ : Warning: CONV_INTEGER: There is an 'U'|'X'|'W'|'Z'|'-' in an arithmetic operand, and it has been converted to 0.
at 615 ns(1), Instance /tb_mipsprocessor/InstrMem/U0/mem_module/ : Warning: CONV_INTEGER: There is an 'U'|'X'|'W'|'Z'|'-' in an arithmetic operand, and it has been converted to 0.
at 625 ns(1), Instance /tb_mipsprocessor/InstrMem/U0/mem_module/ : Warning: CONV_INTEGER: There is an 'U'|'X'|'W'|'Z'|'-' in an arithmetic operand, and it has been converted to 0.
at 635 ns(1), Instance /tb_mipsprocessor/InstrMem/U0/mem_module/ : Warning: CONV_INTEGER: There is an 'U'|'X'|'W'|'Z'|'-' in an arithmetic operand, and it has been converted to 0.
at 645 ns(1), Instance /tb_mipsprocessor/InstrMem/U0/mem_module/ : Warning: CONV_INTEGER: There is an 'U'|'X'|'W'|'Z'|'-' in an arithmetic operand, and it has been converted to 0.
at 655 ns(1), Instance /tb_mipsprocessor/InstrMem/U0/mem_module/ : Warning: CONV_INTEGER: There is an 'U'|'X'|'W'|'Z'|'-' in an arithmetic operand, and it has been converted to 0.
at 665 ns(1), Instance /tb_mipsprocessor/InstrMem/U0/mem_module/ : Warning: CONV_INTEGER: There is an 'U'|'X'|'W'|'Z'|'-' in an arithmetic operand, and it has been converted to 0.
at 675 ns(1), Instance /tb_mipsprocessor/InstrMem/U0/mem_module/ : Warning: CONV_INTEGER: There is an 'U'|'X'|'W'|'Z'|'-' in an arithmetic operand, and it has been converted to 0.
at 685 ns(1), Instance /tb_mipsprocessor/InstrMem/U0/mem_module/ : Warning: CONV_INTEGER: There is an 'U'|'X'|'W'|'Z'|'-' in an arithmetic operand, and it has been converted to 0.
at 695 ns(1), Instance /tb_mipsprocessor/InstrMem/U0/mem_module/ : Warning: CONV_INTEGER: There is an 'U'|'X'|'W'|'Z'|'-' in an arithmetic operand, and it has been converted to 0.
at 705 ns(1), Instance /tb_mipsprocessor/InstrMem/U0/mem_module/ : Warning: CONV_INTEGER: There is an 'U'|'X'|'W'|'Z'|'-' in an arithmetic operand, and it has been converted to 0.
at 715 ns(1), Instance /tb_mipsprocessor/InstrMem/U0/mem_module/ : Warning: CONV_INTEGER: There is an 'U'|'X'|'W'|'Z'|'-' in an arithmetic operand, and it has been converted to 0.
at 725 ns(1), Instance /tb_mipsprocessor/InstrMem/U0/mem_module/ : Warning: CONV_INTEGER: There is an 'U'|'X'|'W'|'Z'|'-' in an arithmetic operand, and it has been converted to 0.
at 735 ns(1), Instance /tb_mipsprocessor/InstrMem/U0/mem_module/ : Warning: CONV_INTEGER: There is an 'U'|'X'|'W'|'Z'|'-' in an arithmetic operand, and it has been converted to 0.
at 745 ns(1), Instance /tb_mipsprocessor/InstrMem/U0/mem_module/ : Warning: CONV_INTEGER: There is an 'U'|'X'|'W'|'Z'|'-' in an arithmetic operand, and it has been converted to 0.
at 755 ns(1), Instance /tb_mipsprocessor/InstrMem/U0/mem_module/ : Warning: CONV_INTEGER: There is an 'U'|'X'|'W'|'Z'|'-' in an arithmetic operand, and it has been converted to 0.
at 765 ns(1), Instance /tb_mipsprocessor/InstrMem/U0/mem_module/ : Warning: CONV_INTEGER: There is an 'U'|'X'|'W'|'Z'|'-' in an arithmetic operand, and it has been converted to 0.
at 775 ns(1), Instance /tb_mipsprocessor/InstrMem/U0/mem_module/ : Warning: CONV_INTEGER: There is an 'U'|'X'|'W'|'Z'|'-' in an arithmetic operand, and it has been converted to 0.
at 785 ns(1), Instance /tb_mipsprocessor/InstrMem/U0/mem_module/ : Warning: CONV_INTEGER: There is an 'U'|'X'|'W'|'Z'|'-' in an arithmetic operand, and it has been converted to 0.
at 795 ns(1), Instance /tb_mipsprocessor/InstrMem/U0/mem_module/ : Warning: CONV_INTEGER: There is an 'U'|'X'|'W'|'Z'|'-' in an arithmetic operand, and it has been converted to 0.
at 805 ns(1), Instance /tb_mipsprocessor/InstrMem/U0/mem_module/ : Warning: CONV_INTEGER: There is an 'U'|'X'|'W'|'Z'|'-' in an arithmetic operand, and it has been converted to 0.
at 815 ns(1), Instance /tb_mipsprocessor/InstrMem/U0/mem_module/ : Warning: CONV_INTEGER: There is an 'U'|'X'|'W'|'Z'|'-' in an arithmetic operand, and it has been converted to 0.
at 825 ns(1), Instance /tb_mipsprocessor/InstrMem/U0/mem_module/ : Warning: CONV_INTEGER: There is an 'U'|'X'|'W'|'Z'|'-' in an arithmetic operand, and it has been converted to 0.
at 835 ns(1), Instance /tb_mipsprocessor/InstrMem/U0/mem_module/ : Warning: CONV_INTEGER: There is an 'U'|'X'|'W'|'Z'|'-' in an arithmetic operand, and it has been converted to 0.
at 845 ns(1), Instance /tb_mipsprocessor/InstrMem/U0/mem_module/ : Warning: CONV_INTEGER: There is an 'U'|'X'|'W'|'Z'|'-' in an arithmetic operand, and it has been converted to 0.
at 855 ns(1), Instance /tb_mipsprocessor/InstrMem/U0/mem_module/ : Warning: CONV_INTEGER: There is an 'U'|'X'|'W'|'Z'|'-' in an arithmetic operand, and it has been converted to 0.
at 865 ns(1), Instance /tb_mipsprocessor/InstrMem/U0/mem_module/ : Warning: CONV_INTEGER: There is an 'U'|'X'|'W'|'Z'|'-' in an arithmetic operand, and it has been converted to 0.
at 875 ns(1), Instance /tb_mipsprocessor/InstrMem/U0/mem_module/ : Warning: CONV_INTEGER: There is an 'U'|'X'|'W'|'Z'|'-' in an arithmetic operand, and it has been converted to 0.
at 885 ns(1), Instance /tb_mipsprocessor/InstrMem/U0/mem_module/ : Warning: CONV_INTEGER: There is an 'U'|'X'|'W'|'Z'|'-' in an arithmetic operand, and it has been converted to 0.
at 895 ns(1), Instance /tb_mipsprocessor/InstrMem/U0/mem_module/ : Warning: CONV_INTEGER: There is an 'U'|'X'|'W'|'Z'|'-' in an arithmetic operand, and it has been converted to 0.
at 905 ns(1), Instance /tb_mipsprocessor/InstrMem/U0/mem_module/ : Warning: CONV_INTEGER: There is an 'U'|'X'|'W'|'Z'|'-' in an arithmetic operand, and it has been converted to 0.
at 915 ns(1), Instance /tb_mipsprocessor/InstrMem/U0/mem_module/ : Warning: CONV_INTEGER: There is an 'U'|'X'|'W'|'Z'|'-' in an arithmetic operand, and it has been converted to 0.
at 925 ns(1), Instance /tb_mipsprocessor/InstrMem/U0/mem_module/ : Warning: CONV_INTEGER: There is an 'U'|'X'|'W'|'Z'|'-' in an arithmetic operand, and it has been converted to 0.
at 935 ns(1), Instance /tb_mipsprocessor/InstrMem/U0/mem_module/ : Warning: CONV_INTEGER: There is an 'U'|'X'|'W'|'Z'|'-' in an arithmetic operand, and it has been converted to 0.
at 945 ns(1), Instance /tb_mipsprocessor/InstrMem/U0/mem_module/ : Warning: CONV_INTEGER: There is an 'U'|'X'|'W'|'Z'|'-' in an arithmetic operand, and it has been converted to 0.
at 955 ns(1), Instance /tb_mipsprocessor/InstrMem/U0/mem_module/ : Warning: CONV_INTEGER: There is an 'U'|'X'|'W'|'Z'|'-' in an arithmetic operand, and it has been converted to 0.
at 965 ns(1), Instance /tb_mipsprocessor/InstrMem/U0/mem_module/ : Warning: CONV_INTEGER: There is an 'U'|'X'|'W'|'Z'|'-' in an arithmetic operand, and it has been converted to 0.
at 975 ns(1), Instance /tb_mipsprocessor/InstrMem/U0/mem_module/ : Warning: CONV_INTEGER: There is an 'U'|'X'|'W'|'Z'|'-' in an arithmetic operand, and it has been converted to 0.
at 985 ns(1), Instance /tb_mipsprocessor/InstrMem/U0/mem_module/ : Warning: CONV_INTEGER: There is an 'U'|'X'|'W'|'Z'|'-' in an arithmetic operand, and it has been converted to 0.
at 995 ns(1), Instance /tb_mipsprocessor/InstrMem/U0/mem_module/ : Warning: CONV_INTEGER: There is an 'U'|'X'|'W'|'Z'|'-' in an arithmetic operand, and it has been converted to 0.
at 1005 ns(1), Instance /tb_mipsprocessor/InstrMem/U0/mem_module/ : Warning: CONV_INTEGER: There is an 'U'|'X'|'W'|'Z'|'-' in an arithmetic operand, and it has been converted to 0.
at 1015 ns(1), Instance /tb_mipsprocessor/InstrMem/U0/mem_module/ : Warning: CONV_INTEGER: There is an 'U'|'X'|'W'|'Z'|'-' in an arithmetic operand, and it has been converted to 0.
at 1025 ns(1), Instance /tb_mipsprocessor/InstrMem/U0/mem_module/ : Warning: CONV_INTEGER: There is an 'U'|'X'|'W'|'Z'|'-' in an arithmetic operand, and it has been converted to 0.
at 1035 ns(1), Instance /tb_mipsprocessor/InstrMem/U0/mem_module/ : Warning: CONV_INTEGER: There is an 'U'|'X'|'W'|'Z'|'-' in an arithmetic operand, and it has been converted to 0.
at 1045 ns(1), Instance /tb_mipsprocessor/InstrMem/U0/mem_module/ : Warning: CONV_INTEGER: There is an 'U'|'X'|'W'|'Z'|'-' in an arithmetic operand, and it has been converted to 0.
at 1055 ns(1), Instance /tb_mipsprocessor/InstrMem/U0/mem_module/ : Warning: CONV_INTEGER: There is an 'U'|'X'|'W'|'Z'|'-' in an arithmetic operand, and it has been converted to 0.
at 1065 ns(1), Instance /tb_mipsprocessor/InstrMem/U0/mem_module/ : Warning: CONV_INTEGER: There is an 'U'|'X'|'W'|'Z'|'-' in an arithmetic operand, and it has been converted to 0.
at 1075 ns(1), Instance /tb_mipsprocessor/InstrMem/U0/mem_module/ : Warning: CONV_INTEGER: There is an 'U'|'X'|'W'|'Z'|'-' in an arithmetic operand, and it has been converted to 0.
at 1085 ns(1), Instance /tb_mipsprocessor/InstrMem/U0/mem_module/ : Warning: CONV_INTEGER: There is an 'U'|'X'|'W'|'Z'|'-' in an arithmetic operand, and it has been converted to 0.
at 1095 ns(1), Instance /tb_mipsprocessor/InstrMem/U0/mem_module/ : Warning: CONV_INTEGER: There is an 'U'|'X'|'W'|'Z'|'-' in an arithmetic operand, and it has been converted to 0.
at 1105 ns(1), Instance /tb_mipsprocessor/InstrMem/U0/mem_module/ : Warning: CONV_INTEGER: There is an 'U'|'X'|'W'|'Z'|'-' in an arithmetic operand, and it has been converted to 0.
at 1115 ns(1), Instance /tb_mipsprocessor/InstrMem/U0/mem_module/ : Warning: CONV_INTEGER: There is an 'U'|'X'|'W'|'Z'|'-' in an arithmetic operand, and it has been converted to 0.
at 1125 ns(1), Instance /tb_mipsprocessor/InstrMem/U0/mem_module/ : Warning: CONV_INTEGER: There is an 'U'|'X'|'W'|'Z'|'-' in an arithmetic operand, and it has been converted to 0.
at 1135 ns(1), Instance /tb_mipsprocessor/InstrMem/U0/mem_module/ : Warning: CONV_INTEGER: There is an 'U'|'X'|'W'|'Z'|'-' in an arithmetic operand, and it has been converted to 0.
at 1145 ns(1), Instance /tb_mipsprocessor/InstrMem/U0/mem_module/ : Warning: CONV_INTEGER: There is an 'U'|'X'|'W'|'Z'|'-' in an arithmetic operand, and it has been converted to 0.
at 1155 ns(1), Instance /tb_mipsprocessor/InstrMem/U0/mem_module/ : Warning: CONV_INTEGER: There is an 'U'|'X'|'W'|'Z'|'-' in an arithmetic operand, and it has been converted to 0.
at 1165 ns(1), Instance /tb_mipsprocessor/InstrMem/U0/mem_module/ : Warning: CONV_INTEGER: There is an 'U'|'X'|'W'|'Z'|'-' in an arithmetic operand, and it has been converted to 0.
at 1175 ns(1), Instance /tb_mipsprocessor/InstrMem/U0/mem_module/ : Warning: CONV_INTEGER: There is an 'U'|'X'|'W'|'Z'|'-' in an arithmetic operand, and it has been converted to 0.
at 1185 ns(1), Instance /tb_mipsprocessor/InstrMem/U0/mem_module/ : Warning: CONV_INTEGER: There is an 'U'|'X'|'W'|'Z'|'-' in an arithmetic operand, and it has been converted to 0.
at 1195 ns(1), Instance /tb_mipsprocessor/InstrMem/U0/mem_module/ : Warning: CONV_INTEGER: There is an 'U'|'X'|'W'|'Z'|'-' in an arithmetic operand, and it has been converted to 0.
at 1205 ns(1), Instance /tb_mipsprocessor/InstrMem/U0/mem_module/ : Warning: CONV_INTEGER: There is an 'U'|'X'|'W'|'Z'|'-' in an arithmetic operand, and it has been converted to 0.
at 1215 ns(1), Instance /tb_mipsprocessor/InstrMem/U0/mem_module/ : Warning: CONV_INTEGER: There is an 'U'|'X'|'W'|'Z'|'-' in an arithmetic operand, and it has been converted to 0.
at 1225 ns(1), Instance /tb_mipsprocessor/InstrMem/U0/mem_module/ : Warning: CONV_INTEGER: There is an 'U'|'X'|'W'|'Z'|'-' in an arithmetic operand, and it has been converted to 0.
at 1235 ns(1), Instance /tb_mipsprocessor/InstrMem/U0/mem_module/ : Warning: CONV_INTEGER: There is an 'U'|'X'|'W'|'Z'|'-' in an arithmetic operand, and it has been converted to 0.
at 1245 ns(1), Instance /tb_mipsprocessor/InstrMem/U0/mem_module/ : Warning: CONV_INTEGER: There is an 'U'|'X'|'W'|'Z'|'-' in an arithmetic operand, and it has been converted to 0.
at 1255 ns(1), Instance /tb_mipsprocessor/InstrMem/U0/mem_module/ : Warning: CONV_INTEGER: There is an 'U'|'X'|'W'|'Z'|'-' in an arithmetic operand, and it has been converted to 0.
at 1265 ns(1), Instance /tb_mipsprocessor/InstrMem/U0/mem_module/ : Warning: CONV_INTEGER: There is an 'U'|'X'|'W'|'Z'|'-' in an arithmetic operand, and it has been converted to 0.
at 1275 ns(1), Instance /tb_mipsprocessor/InstrMem/U0/mem_module/ : Warning: CONV_INTEGER: There is an 'U'|'X'|'W'|'Z'|'-' in an arithmetic operand, and it has been converted to 0.
at 1285 ns(1), Instance /tb_mipsprocessor/InstrMem/U0/mem_module/ : Warning: CONV_INTEGER: There is an 'U'|'X'|'W'|'Z'|'-' in an arithmetic operand, and it has been converted to 0.
at 1295 ns(1), Instance /tb_mipsprocessor/InstrMem/U0/mem_module/ : Warning: CONV_INTEGER: There is an 'U'|'X'|'W'|'Z'|'-' in an arithmetic operand, and it has been converted to 0.
at 1305 ns(1), Instance /tb_mipsprocessor/InstrMem/U0/mem_module/ : Warning: CONV_INTEGER: There is an 'U'|'X'|'W'|'Z'|'-' in an arithmetic operand, and it has been converted to 0.
at 1315 ns(1), Instance /tb_mipsprocessor/InstrMem/U0/mem_module/ : Warning: CONV_INTEGER: There is an 'U'|'X'|'W'|'Z'|'-' in an arithmetic operand, and it has been converted to 0.
at 1325 ns(1), Instance /tb_mipsprocessor/InstrMem/U0/mem_module/ : Warning: CONV_INTEGER: There is an 'U'|'X'|'W'|'Z'|'-' in an arithmetic operand, and it has been converted to 0.
at 1335 ns(1), Instance /tb_mipsprocessor/InstrMem/U0/mem_module/ : Warning: CONV_INTEGER: There is an 'U'|'X'|'W'|'Z'|'-' in an arithmetic operand, and it has been converted to 0.
at 1345 ns(1), Instance /tb_mipsprocessor/InstrMem/U0/mem_module/ : Warning: CONV_INTEGER: There is an 'U'|'X'|'W'|'Z'|'-' in an arithmetic operand, and it has been converted to 0.
at 1355 ns(1), Instance /tb_mipsprocessor/InstrMem/U0/mem_module/ : Warning: CONV_INTEGER: There is an 'U'|'X'|'W'|'Z'|'-' in an arithmetic operand, and it has been converted to 0.
at 1365 ns(1), Instance /tb_mipsprocessor/InstrMem/U0/mem_module/ : Warning: CONV_INTEGER: There is an 'U'|'X'|'W'|'Z'|'-' in an arithmetic operand, and it has been converted to 0.
at 1375 ns(1), Instance /tb_mipsprocessor/InstrMem/U0/mem_module/ : Warning: CONV_INTEGER: There is an 'U'|'X'|'W'|'Z'|'-' in an arithmetic operand, and it has been converted to 0.
at 1385 ns(1), Instance /tb_mipsprocessor/InstrMem/U0/mem_module/ : Warning: CONV_INTEGER: There is an 'U'|'X'|'W'|'Z'|'-' in an arithmetic operand, and it has been converted to 0.
at 1395 ns(1), Instance /tb_mipsprocessor/InstrMem/U0/mem_module/ : Warning: CONV_INTEGER: There is an 'U'|'X'|'W'|'Z'|'-' in an arithmetic operand, and it has been converted to 0.
at 1405 ns(1), Instance /tb_mipsprocessor/InstrMem/U0/mem_module/ : Warning: CONV_INTEGER: There is an 'U'|'X'|'W'|'Z'|'-' in an arithmetic operand, and it has been converted to 0.
at 1415 ns(1), Instance /tb_mipsprocessor/InstrMem/U0/mem_module/ : Warning: CONV_INTEGER: There is an 'U'|'X'|'W'|'Z'|'-' in an arithmetic operand, and it has been converted to 0.
at 1425 ns(1), Instance /tb_mipsprocessor/InstrMem/U0/mem_module/ : Warning: CONV_INTEGER: There is an 'U'|'X'|'W'|'Z'|'-' in an arithmetic operand, and it has been converted to 0.
at 1435 ns(1), Instance /tb_mipsprocessor/InstrMem/U0/mem_module/ : Warning: CONV_INTEGER: There is an 'U'|'X'|'W'|'Z'|'-' in an arithmetic operand, and it has been converted to 0.
at 1445 ns(1), Instance /tb_mipsprocessor/InstrMem/U0/mem_module/ : Warning: CONV_INTEGER: There is an 'U'|'X'|'W'|'Z'|'-' in an arithmetic operand, and it has been converted to 0.
at 1455 ns(1), Instance /tb_mipsprocessor/InstrMem/U0/mem_module/ : Warning: CONV_INTEGER: There is an 'U'|'X'|'W'|'Z'|'-' in an arithmetic operand, and it has been converted to 0.
at 1465 ns(1), Instance /tb_mipsprocessor/InstrMem/U0/mem_module/ : Warning: CONV_INTEGER: There is an 'U'|'X'|'W'|'Z'|'-' in an arithmetic operand, and it has been converted to 0.
at 1475 ns(1), Instance /tb_mipsprocessor/InstrMem/U0/mem_module/ : Warning: CONV_INTEGER: There is an 'U'|'X'|'W'|'Z'|'-' in an arithmetic operand, and it has been converted to 0.
at 1485 ns(1), Instance /tb_mipsprocessor/InstrMem/U0/mem_module/ : Warning: CONV_INTEGER: There is an 'U'|'X'|'W'|'Z'|'-' in an arithmetic operand, and it has been converted to 0.
at 1495 ns(1), Instance /tb_mipsprocessor/InstrMem/U0/mem_module/ : Warning: CONV_INTEGER: There is an 'U'|'X'|'W'|'Z'|'-' in an arithmetic operand, and it has been converted to 0.
at 1505 ns(1), Instance /tb_mipsprocessor/InstrMem/U0/mem_module/ : Warning: CONV_INTEGER: There is an 'U'|'X'|'W'|'Z'|'-' in an arithmetic operand, and it has been converted to 0.
at 1515 ns(1), Instance /tb_mipsprocessor/InstrMem/U0/mem_module/ : Warning: CONV_INTEGER: There is an 'U'|'X'|'W'|'Z'|'-' in an arithmetic operand, and it has been converted to 0.
at 1525 ns(1), Instance /tb_mipsprocessor/InstrMem/U0/mem_module/ : Warning: CONV_INTEGER: There is an 'U'|'X'|'W'|'Z'|'-' in an arithmetic operand, and it has been converted to 0.
at 1535 ns(1), Instance /tb_mipsprocessor/InstrMem/U0/mem_module/ : Warning: CONV_INTEGER: There is an 'U'|'X'|'W'|'Z'|'-' in an arithmetic operand, and it has been converted to 0.
at 1545 ns(1), Instance /tb_mipsprocessor/InstrMem/U0/mem_module/ : Warning: CONV_INTEGER: There is an 'U'|'X'|'W'|'Z'|'-' in an arithmetic operand, and it has been converted to 0.
at 1555 ns(1), Instance /tb_mipsprocessor/InstrMem/U0/mem_module/ : Warning: CONV_INTEGER: There is an 'U'|'X'|'W'|'Z'|'-' in an arithmetic operand, and it has been converted to 0.
at 1565 ns(1), Instance /tb_mipsprocessor/InstrMem/U0/mem_module/ : Warning: CONV_INTEGER: There is an 'U'|'X'|'W'|'Z'|'-' in an arithmetic operand, and it has been converted to 0.
at 1575 ns(1), Instance /tb_mipsprocessor/InstrMem/U0/mem_module/ : Warning: CONV_INTEGER: There is an 'U'|'X'|'W'|'Z'|'-' in an arithmetic operand, and it has been converted to 0.
at 1585 ns(1), Instance /tb_mipsprocessor/InstrMem/U0/mem_module/ : Warning: CONV_INTEGER: There is an 'U'|'X'|'W'|'Z'|'-' in an arithmetic operand, and it has been converted to 0.
at 1595 ns(1), Instance /tb_mipsprocessor/InstrMem/U0/mem_module/ : Warning: CONV_INTEGER: There is an 'U'|'X'|'W'|'Z'|'-' in an arithmetic operand, and it has been converted to 0.
at 1605 ns(1), Instance /tb_mipsprocessor/InstrMem/U0/mem_module/ : Warning: CONV_INTEGER: There is an 'U'|'X'|'W'|'Z'|'-' in an arithmetic operand, and it has been converted to 0.
at 1615 ns(1), Instance /tb_mipsprocessor/InstrMem/U0/mem_module/ : Warning: CONV_INTEGER: There is an 'U'|'X'|'W'|'Z'|'-' in an arithmetic operand, and it has been converted to 0.
at 1625 ns(1), Instance /tb_mipsprocessor/InstrMem/U0/mem_module/ : Warning: CONV_INTEGER: There is an 'U'|'X'|'W'|'Z'|'-' in an arithmetic operand, and it has been converted to 0.
at 1635 ns(1), Instance /tb_mipsprocessor/InstrMem/U0/mem_module/ : Warning: CONV_INTEGER: There is an 'U'|'X'|'W'|'Z'|'-' in an arithmetic operand, and it has been converted to 0.
at 1645 ns(1), Instance /tb_mipsprocessor/InstrMem/U0/mem_module/ : Warning: CONV_INTEGER: There is an 'U'|'X'|'W'|'Z'|'-' in an arithmetic operand, and it has been converted to 0.
at 1655 ns(1), Instance /tb_mipsprocessor/InstrMem/U0/mem_module/ : Warning: CONV_INTEGER: There is an 'U'|'X'|'W'|'Z'|'-' in an arithmetic operand, and it has been converted to 0.
at 1665 ns(1), Instance /tb_mipsprocessor/InstrMem/U0/mem_module/ : Warning: CONV_INTEGER: There is an 'U'|'X'|'W'|'Z'|'-' in an arithmetic operand, and it has been converted to 0.
at 1675 ns(1), Instance /tb_mipsprocessor/InstrMem/U0/mem_module/ : Warning: CONV_INTEGER: There is an 'U'|'X'|'W'|'Z'|'-' in an arithmetic operand, and it has been converted to 0.
at 1685 ns(1), Instance /tb_mipsprocessor/InstrMem/U0/mem_module/ : Warning: CONV_INTEGER: There is an 'U'|'X'|'W'|'Z'|'-' in an arithmetic operand, and it has been converted to 0.
at 1695 ns(1), Instance /tb_mipsprocessor/InstrMem/U0/mem_module/ : Warning: CONV_INTEGER: There is an 'U'|'X'|'W'|'Z'|'-' in an arithmetic operand, and it has been converted to 0.
at 1705 ns(1), Instance /tb_mipsprocessor/InstrMem/U0/mem_module/ : Warning: CONV_INTEGER: There is an 'U'|'X'|'W'|'Z'|'-' in an arithmetic operand, and it has been converted to 0.
at 1715 ns(1), Instance /tb_mipsprocessor/InstrMem/U0/mem_module/ : Warning: CONV_INTEGER: There is an 'U'|'X'|'W'|'Z'|'-' in an arithmetic operand, and it has been converted to 0.
at 1725 ns(1), Instance /tb_mipsprocessor/InstrMem/U0/mem_module/ : Warning: CONV_INTEGER: There is an 'U'|'X'|'W'|'Z'|'-' in an arithmetic operand, and it has been converted to 0.
at 1735 ns(1), Instance /tb_mipsprocessor/InstrMem/U0/mem_module/ : Warning: CONV_INTEGER: There is an 'U'|'X'|'W'|'Z'|'-' in an arithmetic operand, and it has been converted to 0.
at 1745 ns(1), Instance /tb_mipsprocessor/InstrMem/U0/mem_module/ : Warning: CONV_INTEGER: There is an 'U'|'X'|'W'|'Z'|'-' in an arithmetic operand, and it has been converted to 0.
at 1755 ns(1), Instance /tb_mipsprocessor/InstrMem/U0/mem_module/ : Warning: CONV_INTEGER: There is an 'U'|'X'|'W'|'Z'|'-' in an arithmetic operand, and it has been converted to 0.
at 1765 ns(1), Instance /tb_mipsprocessor/InstrMem/U0/mem_module/ : Warning: CONV_INTEGER: There is an 'U'|'X'|'W'|'Z'|'-' in an arithmetic operand, and it has been converted to 0.
at 1775 ns(1), Instance /tb_mipsprocessor/InstrMem/U0/mem_module/ : Warning: CONV_INTEGER: There is an 'U'|'X'|'W'|'Z'|'-' in an arithmetic operand, and it has been converted to 0.
at 1785 ns(1), Instance /tb_mipsprocessor/InstrMem/U0/mem_module/ : Warning: CONV_INTEGER: There is an 'U'|'X'|'W'|'Z'|'-' in an arithmetic operand, and it has been converted to 0.
at 1795 ns(1), Instance /tb_mipsprocessor/InstrMem/U0/mem_module/ : Warning: CONV_INTEGER: There is an 'U'|'X'|'W'|'Z'|'-' in an arithmetic operand, and it has been converted to 0.
at 1805 ns(1), Instance /tb_mipsprocessor/InstrMem/U0/mem_module/ : Warning: CONV_INTEGER: There is an 'U'|'X'|'W'|'Z'|'-' in an arithmetic operand, and it has been converted to 0.
at 1815 ns(1), Instance /tb_mipsprocessor/InstrMem/U0/mem_module/ : Warning: CONV_INTEGER: There is an 'U'|'X'|'W'|'Z'|'-' in an arithmetic operand, and it has been converted to 0.
at 1825 ns(1), Instance /tb_mipsprocessor/InstrMem/U0/mem_module/ : Warning: CONV_INTEGER: There is an 'U'|'X'|'W'|'Z'|'-' in an arithmetic operand, and it has been converted to 0.
at 1835 ns(1), Instance /tb_mipsprocessor/InstrMem/U0/mem_module/ : Warning: CONV_INTEGER: There is an 'U'|'X'|'W'|'Z'|'-' in an arithmetic operand, and it has been converted to 0.
at 1845 ns(1), Instance /tb_mipsprocessor/InstrMem/U0/mem_module/ : Warning: CONV_INTEGER: There is an 'U'|'X'|'W'|'Z'|'-' in an arithmetic operand, and it has been converted to 0.
at 1855 ns(1), Instance /tb_mipsprocessor/InstrMem/U0/mem_module/ : Warning: CONV_INTEGER: There is an 'U'|'X'|'W'|'Z'|'-' in an arithmetic operand, and it has been converted to 0.
at 1865 ns(1), Instance /tb_mipsprocessor/InstrMem/U0/mem_module/ : Warning: CONV_INTEGER: There is an 'U'|'X'|'W'|'Z'|'-' in an arithmetic operand, and it has been converted to 0.
at 1875 ns(1), Instance /tb_mipsprocessor/InstrMem/U0/mem_module/ : Warning: CONV_INTEGER: There is an 'U'|'X'|'W'|'Z'|'-' in an arithmetic operand, and it has been converted to 0.
at 1885 ns(1), Instance /tb_mipsprocessor/InstrMem/U0/mem_module/ : Warning: CONV_INTEGER: There is an 'U'|'X'|'W'|'Z'|'-' in an arithmetic operand, and it has been converted to 0.
at 1895 ns(1), Instance /tb_mipsprocessor/InstrMem/U0/mem_module/ : Warning: CONV_INTEGER: There is an 'U'|'X'|'W'|'Z'|'-' in an arithmetic operand, and it has been converted to 0.
at 1905 ns(1), Instance /tb_mipsprocessor/InstrMem/U0/mem_module/ : Warning: CONV_INTEGER: There is an 'U'|'X'|'W'|'Z'|'-' in an arithmetic operand, and it has been converted to 0.
at 1915 ns(1), Instance /tb_mipsprocessor/InstrMem/U0/mem_module/ : Warning: CONV_INTEGER: There is an 'U'|'X'|'W'|'Z'|'-' in an arithmetic operand, and it has been converted to 0.
at 1925 ns(1), Instance /tb_mipsprocessor/InstrMem/U0/mem_module/ : Warning: CONV_INTEGER: There is an 'U'|'X'|'W'|'Z'|'-' in an arithmetic operand, and it has been converted to 0.
at 1935 ns(1), Instance /tb_mipsprocessor/InstrMem/U0/mem_module/ : Warning: CONV_INTEGER: There is an 'U'|'X'|'W'|'Z'|'-' in an arithmetic operand, and it has been converted to 0.
at 1945 ns(1), Instance /tb_mipsprocessor/InstrMem/U0/mem_module/ : Warning: CONV_INTEGER: There is an 'U'|'X'|'W'|'Z'|'-' in an arithmetic operand, and it has been converted to 0.
at 1955 ns(1), Instance /tb_mipsprocessor/InstrMem/U0/mem_module/ : Warning: CONV_INTEGER: There is an 'U'|'X'|'W'|'Z'|'-' in an arithmetic operand, and it has been converted to 0.
at 1965 ns(1), Instance /tb_mipsprocessor/InstrMem/U0/mem_module/ : Warning: CONV_INTEGER: There is an 'U'|'X'|'W'|'Z'|'-' in an arithmetic operand, and it has been converted to 0.
at 1975 ns(1), Instance /tb_mipsprocessor/InstrMem/U0/mem_module/ : Warning: CONV_INTEGER: There is an 'U'|'X'|'W'|'Z'|'-' in an arithmetic operand, and it has been converted to 0.
at 1985 ns(1), Instance /tb_mipsprocessor/InstrMem/U0/mem_module/ : Warning: CONV_INTEGER: There is an 'U'|'X'|'W'|'Z'|'-' in an arithmetic operand, and it has been converted to 0.
at 1995 ns(1), Instance /tb_mipsprocessor/InstrMem/U0/mem_module/ : Warning: CONV_INTEGER: There is an 'U'|'X'|'W'|'Z'|'-' in an arithmetic operand, and it has been converted to 0.
at 2005 ns(1), Instance /tb_mipsprocessor/InstrMem/U0/mem_module/ : Warning: CONV_INTEGER: There is an 'U'|'X'|'W'|'Z'|'-' in an arithmetic operand, and it has been converted to 0.
at 2015 ns(1), Instance /tb_mipsprocessor/InstrMem/U0/mem_module/ : Warning: CONV_INTEGER: There is an 'U'|'X'|'W'|'Z'|'-' in an arithmetic operand, and it has been converted to 0.
at 2025 ns(1), Instance /tb_mipsprocessor/InstrMem/U0/mem_module/ : Warning: CONV_INTEGER: There is an 'U'|'X'|'W'|'Z'|'-' in an arithmetic operand, and it has been converted to 0.
at 2035 ns(1), Instance /tb_mipsprocessor/InstrMem/U0/mem_module/ : Warning: CONV_INTEGER: There is an 'U'|'X'|'W'|'Z'|'-' in an arithmetic operand, and it has been converted to 0.
at 2045 ns(1), Instance /tb_mipsprocessor/InstrMem/U0/mem_module/ : Warning: CONV_INTEGER: There is an 'U'|'X'|'W'|'Z'|'-' in an arithmetic operand, and it has been converted to 0.
at 2055 ns(1), Instance /tb_mipsprocessor/InstrMem/U0/mem_module/ : Warning: CONV_INTEGER: There is an 'U'|'X'|'W'|'Z'|'-' in an arithmetic operand, and it has been converted to 0.
at 2065 ns(1), Instance /tb_mipsprocessor/InstrMem/U0/mem_module/ : Warning: CONV_INTEGER: There is an 'U'|'X'|'W'|'Z'|'-' in an arithmetic operand, and it has been converted to 0.
at 2075 ns(1), Instance /tb_mipsprocessor/InstrMem/U0/mem_module/ : Warning: CONV_INTEGER: There is an 'U'|'X'|'W'|'Z'|'-' in an arithmetic operand, and it has been converted to 0.
at 2085 ns(1), Instance /tb_mipsprocessor/InstrMem/U0/mem_module/ : Warning: CONV_INTEGER: There is an 'U'|'X'|'W'|'Z'|'-' in an arithmetic operand, and it has been converted to 0.
at 2095 ns(1), Instance /tb_mipsprocessor/InstrMem/U0/mem_module/ : Warning: CONV_INTEGER: There is an 'U'|'X'|'W'|'Z'|'-' in an arithmetic operand, and it has been converted to 0.
at 2105 ns(1), Instance /tb_mipsprocessor/InstrMem/U0/mem_module/ : Warning: CONV_INTEGER: There is an 'U'|'X'|'W'|'Z'|'-' in an arithmetic operand, and it has been converted to 0.
at 2115 ns(1), Instance /tb_mipsprocessor/InstrMem/U0/mem_module/ : Warning: CONV_INTEGER: There is an 'U'|'X'|'W'|'Z'|'-' in an arithmetic operand, and it has been converted to 0.
at 2125 ns(1), Instance /tb_mipsprocessor/InstrMem/U0/mem_module/ : Warning: CONV_INTEGER: There is an 'U'|'X'|'W'|'Z'|'-' in an arithmetic operand, and it has been converted to 0.
at 2135 ns(1), Instance /tb_mipsprocessor/InstrMem/U0/mem_module/ : Warning: CONV_INTEGER: There is an 'U'|'X'|'W'|'Z'|'-' in an arithmetic operand, and it has been converted to 0.
at 2145 ns(1), Instance /tb_mipsprocessor/InstrMem/U0/mem_module/ : Warning: CONV_INTEGER: There is an 'U'|'X'|'W'|'Z'|'-' in an arithmetic operand, and it has been converted to 0.
at 2155 ns(1), Instance /tb_mipsprocessor/InstrMem/U0/mem_module/ : Warning: CONV_INTEGER: There is an 'U'|'X'|'W'|'Z'|'-' in an arithmetic operand, and it has been converted to 0.
at 2165 ns(1), Instance /tb_mipsprocessor/InstrMem/U0/mem_module/ : Warning: CONV_INTEGER: There is an 'U'|'X'|'W'|'Z'|'-' in an arithmetic operand, and it has been converted to 0.
at 2175 ns(1), Instance /tb_mipsprocessor/InstrMem/U0/mem_module/ : Warning: CONV_INTEGER: There is an 'U'|'X'|'W'|'Z'|'-' in an arithmetic operand, and it has been converted to 0.
at 2185 ns(1), Instance /tb_mipsprocessor/InstrMem/U0/mem_module/ : Warning: CONV_INTEGER: There is an 'U'|'X'|'W'|'Z'|'-' in an arithmetic operand, and it has been converted to 0.
at 2195 ns(1), Instance /tb_mipsprocessor/InstrMem/U0/mem_module/ : Warning: CONV_INTEGER: There is an 'U'|'X'|'W'|'Z'|'-' in an arithmetic operand, and it has been converted to 0.
at 2205 ns(1), Instance /tb_mipsprocessor/InstrMem/U0/mem_module/ : Warning: CONV_INTEGER: There is an 'U'|'X'|'W'|'Z'|'-' in an arithmetic operand, and it has been converted to 0.
at 2215 ns(1), Instance /tb_mipsprocessor/InstrMem/U0/mem_module/ : Warning: CONV_INTEGER: There is an 'U'|'X'|'W'|'Z'|'-' in an arithmetic operand, and it has been converted to 0.
at 2225 ns(1), Instance /tb_mipsprocessor/InstrMem/U0/mem_module/ : Warning: CONV_INTEGER: There is an 'U'|'X'|'W'|'Z'|'-' in an arithmetic operand, and it has been converted to 0.
at 2235 ns(1), Instance /tb_mipsprocessor/InstrMem/U0/mem_module/ : Warning: CONV_INTEGER: There is an 'U'|'X'|'W'|'Z'|'-' in an arithmetic operand, and it has been converted to 0.
at 2245 ns(1), Instance /tb_mipsprocessor/InstrMem/U0/mem_module/ : Warning: CONV_INTEGER: There is an 'U'|'X'|'W'|'Z'|'-' in an arithmetic operand, and it has been converted to 0.
at 2255 ns(1), Instance /tb_mipsprocessor/InstrMem/U0/mem_module/ : Warning: CONV_INTEGER: There is an 'U'|'X'|'W'|'Z'|'-' in an arithmetic operand, and it has been converted to 0.
at 2265 ns(1), Instance /tb_mipsprocessor/InstrMem/U0/mem_module/ : Warning: CONV_INTEGER: There is an 'U'|'X'|'W'|'Z'|'-' in an arithmetic operand, and it has been converted to 0.
at 2275 ns(1), Instance /tb_mipsprocessor/InstrMem/U0/mem_module/ : Warning: CONV_INTEGER: There is an 'U'|'X'|'W'|'Z'|'-' in an arithmetic operand, and it has been converted to 0.
at 2285 ns(1), Instance /tb_mipsprocessor/InstrMem/U0/mem_module/ : Warning: CONV_INTEGER: There is an 'U'|'X'|'W'|'Z'|'-' in an arithmetic operand, and it has been converted to 0.
at 2295 ns(1), Instance /tb_mipsprocessor/InstrMem/U0/mem_module/ : Warning: CONV_INTEGER: There is an 'U'|'X'|'W'|'Z'|'-' in an arithmetic operand, and it has been converted to 0.
at 2305 ns(1), Instance /tb_mipsprocessor/InstrMem/U0/mem_module/ : Warning: CONV_INTEGER: There is an 'U'|'X'|'W'|'Z'|'-' in an arithmetic operand, and it has been converted to 0.
at 2315 ns(1), Instance /tb_mipsprocessor/InstrMem/U0/mem_module/ : Warning: CONV_INTEGER: There is an 'U'|'X'|'W'|'Z'|'-' in an arithmetic operand, and it has been converted to 0.
at 2325 ns(1), Instance /tb_mipsprocessor/InstrMem/U0/mem_module/ : Warning: CONV_INTEGER: There is an 'U'|'X'|'W'|'Z'|'-' in an arithmetic operand, and it has been converted to 0.
at 2335 ns(1), Instance /tb_mipsprocessor/InstrMem/U0/mem_module/ : Warning: CONV_INTEGER: There is an 'U'|'X'|'W'|'Z'|'-' in an arithmetic operand, and it has been converted to 0.
at 2345 ns(1), Instance /tb_mipsprocessor/InstrMem/U0/mem_module/ : Warning: CONV_INTEGER: There is an 'U'|'X'|'W'|'Z'|'-' in an arithmetic operand, and it has been converted to 0.
at 2355 ns(1), Instance /tb_mipsprocessor/InstrMem/U0/mem_module/ : Warning: CONV_INTEGER: There is an 'U'|'X'|'W'|'Z'|'-' in an arithmetic operand, and it has been converted to 0.
at 2365 ns(1), Instance /tb_mipsprocessor/InstrMem/U0/mem_module/ : Warning: CONV_INTEGER: There is an 'U'|'X'|'W'|'Z'|'-' in an arithmetic operand, and it has been converted to 0.
at 2375 ns(1), Instance /tb_mipsprocessor/InstrMem/U0/mem_module/ : Warning: CONV_INTEGER: There is an 'U'|'X'|'W'|'Z'|'-' in an arithmetic operand, and it has been converted to 0.
at 2385 ns(1), Instance /tb_mipsprocessor/InstrMem/U0/mem_module/ : Warning: CONV_INTEGER: There is an 'U'|'X'|'W'|'Z'|'-' in an arithmetic operand, and it has been converted to 0.
at 2395 ns(1), Instance /tb_mipsprocessor/InstrMem/U0/mem_module/ : Warning: CONV_INTEGER: There is an 'U'|'X'|'W'|'Z'|'-' in an arithmetic operand, and it has been converted to 0.
at 2405 ns(1), Instance /tb_mipsprocessor/InstrMem/U0/mem_module/ : Warning: CONV_INTEGER: There is an 'U'|'X'|'W'|'Z'|'-' in an arithmetic operand, and it has been converted to 0.
at 2415 ns(1), Instance /tb_mipsprocessor/InstrMem/U0/mem_module/ : Warning: CONV_INTEGER: There is an 'U'|'X'|'W'|'Z'|'-' in an arithmetic operand, and it has been converted to 0.
at 2425 ns(1), Instance /tb_mipsprocessor/InstrMem/U0/mem_module/ : Warning: CONV_INTEGER: There is an 'U'|'X'|'W'|'Z'|'-' in an arithmetic operand, and it has been converted to 0.
at 2435 ns(1), Instance /tb_mipsprocessor/InstrMem/U0/mem_module/ : Warning: CONV_INTEGER: There is an 'U'|'X'|'W'|'Z'|'-' in an arithmetic operand, and it has been converted to 0.
at 2445 ns(1), Instance /tb_mipsprocessor/InstrMem/U0/mem_module/ : Warning: CONV_INTEGER: There is an 'U'|'X'|'W'|'Z'|'-' in an arithmetic operand, and it has been converted to 0.
at 2455 ns(1), Instance /tb_mipsprocessor/InstrMem/U0/mem_module/ : Warning: CONV_INTEGER: There is an 'U'|'X'|'W'|'Z'|'-' in an arithmetic operand, and it has been converted to 0.
at 2465 ns(1), Instance /tb_mipsprocessor/InstrMem/U0/mem_module/ : Warning: CONV_INTEGER: There is an 'U'|'X'|'W'|'Z'|'-' in an arithmetic operand, and it has been converted to 0.
at 2475 ns(1), Instance /tb_mipsprocessor/InstrMem/U0/mem_module/ : Warning: CONV_INTEGER: There is an 'U'|'X'|'W'|'Z'|'-' in an arithmetic operand, and it has been converted to 0.
at 2485 ns(1), Instance /tb_mipsprocessor/InstrMem/U0/mem_module/ : Warning: CONV_INTEGER: There is an 'U'|'X'|'W'|'Z'|'-' in an arithmetic operand, and it has been converted to 0.
at 2495 ns(1), Instance /tb_mipsprocessor/InstrMem/U0/mem_module/ : Warning: CONV_INTEGER: There is an 'U'|'X'|'W'|'Z'|'-' in an arithmetic operand, and it has been converted to 0.
at 2505 ns(1), Instance /tb_mipsprocessor/InstrMem/U0/mem_module/ : Warning: CONV_INTEGER: There is an 'U'|'X'|'W'|'Z'|'-' in an arithmetic operand, and it has been converted to 0.
at 2515 ns(1), Instance /tb_mipsprocessor/InstrMem/U0/mem_module/ : Warning: CONV_INTEGER: There is an 'U'|'X'|'W'|'Z'|'-' in an arithmetic operand, and it has been converted to 0.
at 2525 ns(1), Instance /tb_mipsprocessor/InstrMem/U0/mem_module/ : Warning: CONV_INTEGER: There is an 'U'|'X'|'W'|'Z'|'-' in an arithmetic operand, and it has been converted to 0.
at 2540 ns: Note: Expected data not found at datamem addr 5 found = 0 expected 12 (/tb_mipsprocessor/).
at 2550 ns: Note: Expected data not found at datamem addr 6 found = 0 expected 12 (/tb_mipsprocessor/).
at 2560 ns: Note: Expected data not found at datamem addr 7 found = 0 expected 12 (/tb_mipsprocessor/).
at 2570 ns: Note: Expected data not found at datamem addr 8 found = 0 expected 393216 (/tb_mipsprocessor/).
at 2580 ns: Note: Expected data not found at datamem addr 9 found = 0 expected 393218 (/tb_mipsprocessor/).
at 2590 ns: Note: Expected data not found at datamem addr 12 found = 0 expected 1 (/tb_mipsprocessor/).
at 2600 ns: Note: Expected data not found at datamem addr 13 found = 0 expected 393198 (/tb_mipsprocessor/).
at 2610 ns: Note: Expected data not found at datamem addr 15 found = 0 expected 8 (/tb_mipsprocessor/).
at 2620 ns: Note: Expected data not found at datamem addr 16 found = 0 expected 14 (/tb_mipsprocessor/).
Stopped at time : 2126185 ns : File "/opt/dmlab/home/chriram/Documents/computer_design/exercise1/tb_MIPSProcessor.vhd" Line 89
# exit 0
