Command line:
   control_tb_isim_beh.exe
     -simmode  gui
     -simrunnum  2
     -socket  49527

Fri Oct  3 12:21:27 2014


 Elaboration Time: 0.05 sec

 Current Memory Usage: 116.29 Meg

 Total Signals          : 34
 Total Nets             : 68
 Total Signal Drivers   : 14
 Total Blocks           : 3
 Total Primitive Blocks : 2
 Total Processes        : 4
 Total Traceable Variables  : 9
 Total Scalar Nets and Variables : 429

** Failure:END SIM
User(VHDL) Code Called Simulation Stop
In process control_tb.vhd:test 
 


 Total Simulation Time: 0.08 sec

 Current Memory Usage: 124.686 Meg

Fri Oct  3 12:22:16 2014

