Running: /opt/Xilinx/12.4/ISE_DS/ISE/bin/lin/unwrapped/fuse -intstyle ise -incremental -lib secureip -o /opt/dmlab/home/victoriv/computer_design/ex1/registerfile_tb_isim_beh.exe -prj /opt/dmlab/home/victoriv/computer_design/ex1/registerfile_tb_beh.prj work.registerfile_tb 
ISim M.81d (signature 0x141a37e9)
Number of CPUs detected in this system: 4
Turning on mult-threading, number of parallel sub-compilation jobs: 8 
Determining compilation order of HDL files
Parsing VHDL file "/opt/dmlab/home/victoriv/computer_design/ex1/registerfile.vhd" into library work
Parsing VHDL file "/opt/dmlab/home/victoriv/computer_design/ex1/registerfile_tb.vhd" into library work
Starting static elaboration
Completed static elaboration
Fuse Memory Usage: 29584 KB
Fuse CPU Usage: 180 ms
Using precompiled package standard from library std
Using precompiled package std_logic_1164 from library ieee
Using precompiled package numeric_std from library ieee
Compiling architecture behavioral of entity registerfile [\registerfile(32,32)\]
Compiling architecture behavior of entity registerfile_tb
Time Resolution for simulation is 1ps.
Waiting for 1 sub-compilation(s) to finish...
Compiled 6 VHDL Units
Built simulation executable /opt/dmlab/home/victoriv/computer_design/ex1/registerfile_tb_isim_beh.exe
Fuse Memory Usage: 74676 KB
Fuse CPU Usage: 200 ms
GCC CPU Usage: 390 ms
