ISim log file
Running: /opt/dmlab/home/victoriv/computer_design/ex1/registerfile_tb_isim_beh.exe -gui -tclbatch isim.cmd -wdb /opt/dmlab/home/victoriv/computer_design/ex1/registerfile_tb_isim_beh.wdb 
ISim M.81d (signature 0x141a37e9)
----------------------------------------------------------------------
INFO:Security:51 - The XILINXD_LICENSE_FILE environment variable is not set.
INFO:Security:52 - The LM_LICENSE_FILE environment variable is set to '2100@xilinx.license.idi.ntnu.no'.
WARNING:Security:43 - No license file was found in the standard Xilinx license directory.
WARNING:Security:44 - No license file was found.
       Please run the Xilinx License Configuration Manager
       (xlcm or "Manage Xilinx Licenses")
       to assist in obtaining a license.
WARNING:Security:42 - Your software subscription period has lapsed. Your current version of Xilinx tools will continue to function, but you no longer qualify for Xilinx software updates or new releases.


----------------------------------------------------------------------
This is a Full version of ISim.
Time resolution is 1 ps
# onerror resume
# wave add /
# run 2600 ns
Simulator is doing circuit initialization process.
at 0 ps: Note: Testbench started... (/registerfile_tb/).
Finished circuit initialization process.
at 30 ns: Note: Write/read test 1 passed (/registerfile_tb/).
at 60 ns: Note: Write/read test 2 passed (/registerfile_tb/).
at 90 ns: Note: Write/read test 3 passed (/registerfile_tb/).
at 120 ns: Note: Non-write test 1 passed (/registerfile_tb/).
at 150 ns: Note: Dual read test 1 passed (/registerfile_tb/).
at 500 ns: Note: Reset test 1 passed (/registerfile_tb/).

** Failure:Testbench finished
User(VHDL) Code Called Simulation Stop
In process registerfile_tb.vhd:stim_proc 
 
INFO: Simulator is stopped.
# exit 0
